INFO - 2023-04-28 00:06:31 --> Session: Class initialized using 'CodeIgniter\Session\Handlers\FileHandler' driver.
CRITICAL - 2023-04-28 00:06:31 --> Undefined variable $laboratorio
in APPPATH\Views\modificar_prestamo.php on line 22.
 1 APPPATH\Views\modificar_prestamo.php(22): CodeIgniter\Debug\Exceptions->errorHandler(2, 'Undefined variable $laboratorio', 'C:\\xampp\\htdocs\\proyecto-lap\\app\\Views\\modificar_prestamo.php', 22)
 2 APPPATH\Views\prestamos.php(201): include('C:\\xampp\\htdocs\\proyecto-lap\\app\\Views\\modificar_prestamo.php')
 3 SYSTEMPATH\View\View.php(213): include('C:\\xampp\\htdocs\\proyecto-lap\\app\\Views\\prestamos.php')
 4 SYSTEMPATH\View\View.php(216): CodeIgniter\View\View->CodeIgniter\View\{closure}()
 5 SYSTEMPATH\Common.php(1184): CodeIgniter\View\View->render('prestamos', [], true)
 6 APPPATH\Controllers\Prestamos.php(14): view('prestamos', [...])
 7 SYSTEMPATH\CodeIgniter.php(934): App\Controllers\Prestamos->index()
 8 SYSTEMPATH\CodeIgniter.php(499): CodeIgniter\CodeIgniter->runController(Object(App\Controllers\Prestamos))
 9 SYSTEMPATH\CodeIgniter.php(368): CodeIgniter\CodeIgniter->handleRequest(null, Object(Config\Cache), false)
10 FCPATH\index.php(67): CodeIgniter\CodeIgniter->run()
INFO - 2023-04-28 00:07:04 --> Session: Class initialized using 'CodeIgniter\Session\Handlers\FileHandler' driver.
CRITICAL - 2023-04-28 00:07:04 --> Undefined variable $laboratorio
in APPPATH\Views\modificar_prestamo.php on line 22.
 1 APPPATH\Views\modificar_prestamo.php(22): CodeIgniter\Debug\Exceptions->errorHandler(2, 'Undefined variable $laboratorio', 'C:\\xampp\\htdocs\\proyecto-lap\\app\\Views\\modificar_prestamo.php', 22)
 2 APPPATH\Views\prestamos.php(201): include('C:\\xampp\\htdocs\\proyecto-lap\\app\\Views\\modificar_prestamo.php')
 3 SYSTEMPATH\View\View.php(213): include('C:\\xampp\\htdocs\\proyecto-lap\\app\\Views\\prestamos.php')
 4 SYSTEMPATH\View\View.php(216): CodeIgniter\View\View->CodeIgniter\View\{closure}()
 5 SYSTEMPATH\Common.php(1184): CodeIgniter\View\View->render('prestamos', [], true)
 6 APPPATH\Controllers\Prestamos.php(14): view('prestamos', [...])
 7 SYSTEMPATH\CodeIgniter.php(934): App\Controllers\Prestamos->index()
 8 SYSTEMPATH\CodeIgniter.php(499): CodeIgniter\CodeIgniter->runController(Object(App\Controllers\Prestamos))
 9 SYSTEMPATH\CodeIgniter.php(368): CodeIgniter\CodeIgniter->handleRequest(null, Object(Config\Cache), false)
10 FCPATH\index.php(67): CodeIgniter\CodeIgniter->run()
INFO - 2023-04-28 00:07:05 --> Session: Class initialized using 'CodeIgniter\Session\Handlers\FileHandler' driver.
CRITICAL - 2023-04-28 00:07:05 --> Undefined variable $laboratorio
in APPPATH\Views\modificar_prestamo.php on line 22.
 1 APPPATH\Views\modificar_prestamo.php(22): CodeIgniter\Debug\Exceptions->errorHandler(2, 'Undefined variable $laboratorio', 'C:\\xampp\\htdocs\\proyecto-lap\\app\\Views\\modificar_prestamo.php', 22)
 2 APPPATH\Views\prestamos.php(201): include('C:\\xampp\\htdocs\\proyecto-lap\\app\\Views\\modificar_prestamo.php')
 3 SYSTEMPATH\View\View.php(213): include('C:\\xampp\\htdocs\\proyecto-lap\\app\\Views\\prestamos.php')
 4 SYSTEMPATH\View\View.php(216): CodeIgniter\View\View->CodeIgniter\View\{closure}()
 5 SYSTEMPATH\Common.php(1184): CodeIgniter\View\View->render('prestamos', [], true)
 6 APPPATH\Controllers\Prestamos.php(14): view('prestamos', [...])
 7 SYSTEMPATH\CodeIgniter.php(934): App\Controllers\Prestamos->index()
 8 SYSTEMPATH\CodeIgniter.php(499): CodeIgniter\CodeIgniter->runController(Object(App\Controllers\Prestamos))
 9 SYSTEMPATH\CodeIgniter.php(368): CodeIgniter\CodeIgniter->handleRequest(null, Object(Config\Cache), false)
10 FCPATH\index.php(67): CodeIgniter\CodeIgniter->run()
INFO - 2023-04-28 00:07:06 --> Session: Class initialized using 'CodeIgniter\Session\Handlers\FileHandler' driver.
INFO - 2023-04-28 00:07:10 --> Session: Class initialized using 'CodeIgniter\Session\Handlers\FileHandler' driver.
CRITICAL - 2023-04-28 00:07:10 --> Undefined variable $laboratorio
in APPPATH\Views\modificar_prestamo.php on line 22.
 1 APPPATH\Views\modificar_prestamo.php(22): CodeIgniter\Debug\Exceptions->errorHandler(2, 'Undefined variable $laboratorio', 'C:\\xampp\\htdocs\\proyecto-lap\\app\\Views\\modificar_prestamo.php', 22)
 2 APPPATH\Views\prestamos.php(201): include('C:\\xampp\\htdocs\\proyecto-lap\\app\\Views\\modificar_prestamo.php')
 3 SYSTEMPATH\View\View.php(213): include('C:\\xampp\\htdocs\\proyecto-lap\\app\\Views\\prestamos.php')
 4 SYSTEMPATH\View\View.php(216): CodeIgniter\View\View->CodeIgniter\View\{closure}()
 5 SYSTEMPATH\Common.php(1184): CodeIgniter\View\View->render('prestamos', [], true)
 6 APPPATH\Controllers\Prestamos.php(14): view('prestamos', [...])
 7 SYSTEMPATH\CodeIgniter.php(934): App\Controllers\Prestamos->index()
 8 SYSTEMPATH\CodeIgniter.php(499): CodeIgniter\CodeIgniter->runController(Object(App\Controllers\Prestamos))
 9 SYSTEMPATH\CodeIgniter.php(368): CodeIgniter\CodeIgniter->handleRequest(null, Object(Config\Cache), false)
10 FCPATH\index.php(67): CodeIgniter\CodeIgniter->run()
INFO - 2023-04-28 00:09:50 --> Session: Class initialized using 'CodeIgniter\Session\Handlers\FileHandler' driver.
CRITICAL - 2023-04-28 00:09:50 --> Undefined variable $laboratorio
in APPPATH\Views\modificar_prestamo.php on line 22.
 1 APPPATH\Views\modificar_prestamo.php(22): CodeIgniter\Debug\Exceptions->errorHandler(2, 'Undefined variable $laboratorio', 'C:\\xampp\\htdocs\\proyecto-lap\\app\\Views\\modificar_prestamo.php', 22)
 2 APPPATH\Views\prestamos.php(201): include('C:\\xampp\\htdocs\\proyecto-lap\\app\\Views\\modificar_prestamo.php')
 3 SYSTEMPATH\View\View.php(213): include('C:\\xampp\\htdocs\\proyecto-lap\\app\\Views\\prestamos.php')
 4 SYSTEMPATH\View\View.php(216): CodeIgniter\View\View->CodeIgniter\View\{closure}()
 5 SYSTEMPATH\Common.php(1184): CodeIgniter\View\View->render('prestamos', [], true)
 6 APPPATH\Controllers\Prestamos.php(14): view('prestamos', [...])
 7 SYSTEMPATH\CodeIgniter.php(934): App\Controllers\Prestamos->index()
 8 SYSTEMPATH\CodeIgniter.php(499): CodeIgniter\CodeIgniter->runController(Object(App\Controllers\Prestamos))
 9 SYSTEMPATH\CodeIgniter.php(368): CodeIgniter\CodeIgniter->handleRequest(null, Object(Config\Cache), false)
10 FCPATH\index.php(67): CodeIgniter\CodeIgniter->run()
INFO - 2023-04-28 00:10:42 --> Session: Class initialized using 'CodeIgniter\Session\Handlers\FileHandler' driver.
CRITICAL - 2023-04-28 00:10:42 --> Undefined variable $laboratorio
in APPPATH\Views\modificar_prestamo.php on line 22.
 1 APPPATH\Views\modificar_prestamo.php(22): CodeIgniter\Debug\Exceptions->errorHandler(2, 'Undefined variable $laboratorio', 'C:\\xampp\\htdocs\\proyecto-lap\\app\\Views\\modificar_prestamo.php', 22)
 2 APPPATH\Views\prestamos.php(201): include('C:\\xampp\\htdocs\\proyecto-lap\\app\\Views\\modificar_prestamo.php')
 3 SYSTEMPATH\View\View.php(213): include('C:\\xampp\\htdocs\\proyecto-lap\\app\\Views\\prestamos.php')
 4 SYSTEMPATH\View\View.php(216): CodeIgniter\View\View->CodeIgniter\View\{closure}()
 5 SYSTEMPATH\Common.php(1184): CodeIgniter\View\View->render('prestamos', [], true)
 6 APPPATH\Controllers\Prestamos.php(14): view('prestamos', [...])
 7 SYSTEMPATH\CodeIgniter.php(934): App\Controllers\Prestamos->index()
 8 SYSTEMPATH\CodeIgniter.php(499): CodeIgniter\CodeIgniter->runController(Object(App\Controllers\Prestamos))
 9 SYSTEMPATH\CodeIgniter.php(368): CodeIgniter\CodeIgniter->handleRequest(null, Object(Config\Cache), false)
10 FCPATH\index.php(67): CodeIgniter\CodeIgniter->run()
INFO - 2023-04-28 00:10:43 --> Session: Class initialized using 'CodeIgniter\Session\Handlers\FileHandler' driver.
CRITICAL - 2023-04-28 00:10:43 --> Undefined variable $laboratorio
in APPPATH\Views\modificar_prestamo.php on line 22.
 1 APPPATH\Views\modificar_prestamo.php(22): CodeIgniter\Debug\Exceptions->errorHandler(2, 'Undefined variable $laboratorio', 'C:\\xampp\\htdocs\\proyecto-lap\\app\\Views\\modificar_prestamo.php', 22)
 2 APPPATH\Views\prestamos.php(201): include('C:\\xampp\\htdocs\\proyecto-lap\\app\\Views\\modificar_prestamo.php')
 3 SYSTEMPATH\View\View.php(213): include('C:\\xampp\\htdocs\\proyecto-lap\\app\\Views\\prestamos.php')
 4 SYSTEMPATH\View\View.php(216): CodeIgniter\View\View->CodeIgniter\View\{closure}()
 5 SYSTEMPATH\Common.php(1184): CodeIgniter\View\View->render('prestamos', [], true)
 6 APPPATH\Controllers\Prestamos.php(14): view('prestamos', [...])
 7 SYSTEMPATH\CodeIgniter.php(934): App\Controllers\Prestamos->index()
 8 SYSTEMPATH\CodeIgniter.php(499): CodeIgniter\CodeIgniter->runController(Object(App\Controllers\Prestamos))
 9 SYSTEMPATH\CodeIgniter.php(368): CodeIgniter\CodeIgniter->handleRequest(null, Object(Config\Cache), false)
10 FCPATH\index.php(67): CodeIgniter\CodeIgniter->run()
INFO - 2023-04-28 00:11:33 --> Session: Class initialized using 'CodeIgniter\Session\Handlers\FileHandler' driver.
CRITICAL - 2023-04-28 00:11:33 --> Undefined variable $laboratorio
in APPPATH\Views\modificar_prestamo.php on line 22.
 1 APPPATH\Views\modificar_prestamo.php(22): CodeIgniter\Debug\Exceptions->errorHandler(2, 'Undefined variable $laboratorio', 'C:\\xampp\\htdocs\\proyecto-lap\\app\\Views\\modificar_prestamo.php', 22)
 2 APPPATH\Views\prestamos.php(201): include('C:\\xampp\\htdocs\\proyecto-lap\\app\\Views\\modificar_prestamo.php')
 3 SYSTEMPATH\View\View.php(213): include('C:\\xampp\\htdocs\\proyecto-lap\\app\\Views\\prestamos.php')
 4 SYSTEMPATH\View\View.php(216): CodeIgniter\View\View->CodeIgniter\View\{closure}()
 5 SYSTEMPATH\Common.php(1184): CodeIgniter\View\View->render('prestamos', [], true)
 6 APPPATH\Controllers\Prestamos.php(14): view('prestamos', [...])
 7 SYSTEMPATH\CodeIgniter.php(934): App\Controllers\Prestamos->index()
 8 SYSTEMPATH\CodeIgniter.php(499): CodeIgniter\CodeIgniter->runController(Object(App\Controllers\Prestamos))
 9 SYSTEMPATH\CodeIgniter.php(368): CodeIgniter\CodeIgniter->handleRequest(null, Object(Config\Cache), false)
10 FCPATH\index.php(67): CodeIgniter\CodeIgniter->run()
INFO - 2023-04-28 00:11:34 --> Session: Class initialized using 'CodeIgniter\Session\Handlers\FileHandler' driver.
CRITICAL - 2023-04-28 00:11:34 --> Undefined variable $laboratorio
in APPPATH\Views\modificar_prestamo.php on line 22.
 1 APPPATH\Views\modificar_prestamo.php(22): CodeIgniter\Debug\Exceptions->errorHandler(2, 'Undefined variable $laboratorio', 'C:\\xampp\\htdocs\\proyecto-lap\\app\\Views\\modificar_prestamo.php', 22)
 2 APPPATH\Views\prestamos.php(201): include('C:\\xampp\\htdocs\\proyecto-lap\\app\\Views\\modificar_prestamo.php')
 3 SYSTEMPATH\View\View.php(213): include('C:\\xampp\\htdocs\\proyecto-lap\\app\\Views\\prestamos.php')
 4 SYSTEMPATH\View\View.php(216): CodeIgniter\View\View->CodeIgniter\View\{closure}()
 5 SYSTEMPATH\Common.php(1184): CodeIgniter\View\View->render('prestamos', [], true)
 6 APPPATH\Controllers\Prestamos.php(14): view('prestamos', [...])
 7 SYSTEMPATH\CodeIgniter.php(934): App\Controllers\Prestamos->index()
 8 SYSTEMPATH\CodeIgniter.php(499): CodeIgniter\CodeIgniter->runController(Object(App\Controllers\Prestamos))
 9 SYSTEMPATH\CodeIgniter.php(368): CodeIgniter\CodeIgniter->handleRequest(null, Object(Config\Cache), false)
10 FCPATH\index.php(67): CodeIgniter\CodeIgniter->run()
INFO - 2023-04-28 00:12:15 --> Session: Class initialized using 'CodeIgniter\Session\Handlers\FileHandler' driver.
CRITICAL - 2023-04-28 00:12:15 --> Undefined variable $laboratorio
in APPPATH\Views\modificar_prestamo.php on line 22.
 1 APPPATH\Views\modificar_prestamo.php(22): CodeIgniter\Debug\Exceptions->errorHandler(2, 'Undefined variable $laboratorio', 'C:\\xampp\\htdocs\\proyecto-lap\\app\\Views\\modificar_prestamo.php', 22)
 2 APPPATH\Views\prestamos.php(201): include('C:\\xampp\\htdocs\\proyecto-lap\\app\\Views\\modificar_prestamo.php')
 3 SYSTEMPATH\View\View.php(213): include('C:\\xampp\\htdocs\\proyecto-lap\\app\\Views\\prestamos.php')
 4 SYSTEMPATH\View\View.php(216): CodeIgniter\View\View->CodeIgniter\View\{closure}()
 5 SYSTEMPATH\Common.php(1184): CodeIgniter\View\View->render('prestamos', [], true)
 6 APPPATH\Controllers\Prestamos.php(14): view('prestamos', [...])
 7 SYSTEMPATH\CodeIgniter.php(934): App\Controllers\Prestamos->index()
 8 SYSTEMPATH\CodeIgniter.php(499): CodeIgniter\CodeIgniter->runController(Object(App\Controllers\Prestamos))
 9 SYSTEMPATH\CodeIgniter.php(368): CodeIgniter\CodeIgniter->handleRequest(null, Object(Config\Cache), false)
10 FCPATH\index.php(67): CodeIgniter\CodeIgniter->run()
INFO - 2023-04-28 00:12:24 --> Session: Class initialized using 'CodeIgniter\Session\Handlers\FileHandler' driver.
INFO - 2023-04-28 00:12:30 --> Session: Class initialized using 'CodeIgniter\Session\Handlers\FileHandler' driver.
CRITICAL - 2023-04-28 00:12:30 --> Undefined variable $laboratorio
in APPPATH\Views\modificar_prestamo.php on line 22.
 1 APPPATH\Views\modificar_prestamo.php(22): CodeIgniter\Debug\Exceptions->errorHandler(2, 'Undefined variable $laboratorio', 'C:\\xampp\\htdocs\\proyecto-lap\\app\\Views\\modificar_prestamo.php', 22)
 2 APPPATH\Views\prestamos.php(201): include('C:\\xampp\\htdocs\\proyecto-lap\\app\\Views\\modificar_prestamo.php')
 3 SYSTEMPATH\View\View.php(213): include('C:\\xampp\\htdocs\\proyecto-lap\\app\\Views\\prestamos.php')
 4 SYSTEMPATH\View\View.php(216): CodeIgniter\View\View->CodeIgniter\View\{closure}()
 5 SYSTEMPATH\Common.php(1184): CodeIgniter\View\View->render('prestamos', [], true)
 6 APPPATH\Controllers\Prestamos.php(14): view('prestamos', [...])
 7 SYSTEMPATH\CodeIgniter.php(934): App\Controllers\Prestamos->index()
 8 SYSTEMPATH\CodeIgniter.php(499): CodeIgniter\CodeIgniter->runController(Object(App\Controllers\Prestamos))
 9 SYSTEMPATH\CodeIgniter.php(368): CodeIgniter\CodeIgniter->handleRequest(null, Object(Config\Cache), false)
10 FCPATH\index.php(67): CodeIgniter\CodeIgniter->run()
INFO - 2023-04-28 00:22:02 --> Session: Class initialized using 'CodeIgniter\Session\Handlers\FileHandler' driver.
CRITICAL - 2023-04-28 00:22:02 --> Undefined variable $laboratorio
in APPPATH\Views\modificar_prestamo.php on line 22.
 1 APPPATH\Views\modificar_prestamo.php(22): CodeIgniter\Debug\Exceptions->errorHandler(2, 'Undefined variable $laboratorio', 'C:\\xampp\\htdocs\\proyecto-lap\\app\\Views\\modificar_prestamo.php', 22)
 2 APPPATH\Views\prestamos.php(201): include('C:\\xampp\\htdocs\\proyecto-lap\\app\\Views\\modificar_prestamo.php')
 3 SYSTEMPATH\View\View.php(213): include('C:\\xampp\\htdocs\\proyecto-lap\\app\\Views\\prestamos.php')
 4 SYSTEMPATH\View\View.php(216): CodeIgniter\View\View->CodeIgniter\View\{closure}()
 5 SYSTEMPATH\Common.php(1184): CodeIgniter\View\View->render('prestamos', [], true)
 6 APPPATH\Controllers\Prestamos.php(14): view('prestamos', [...])
 7 SYSTEMPATH\CodeIgniter.php(934): App\Controllers\Prestamos->index()
 8 SYSTEMPATH\CodeIgniter.php(499): CodeIgniter\CodeIgniter->runController(Object(App\Controllers\Prestamos))
 9 SYSTEMPATH\CodeIgniter.php(368): CodeIgniter\CodeIgniter->handleRequest(null, Object(Config\Cache), false)
10 FCPATH\index.php(67): CodeIgniter\CodeIgniter->run()
INFO - 2023-04-28 00:22:03 --> Session: Class initialized using 'CodeIgniter\Session\Handlers\FileHandler' driver.
CRITICAL - 2023-04-28 00:22:03 --> Undefined variable $laboratorio
in APPPATH\Views\modificar_prestamo.php on line 22.
 1 APPPATH\Views\modificar_prestamo.php(22): CodeIgniter\Debug\Exceptions->errorHandler(2, 'Undefined variable $laboratorio', 'C:\\xampp\\htdocs\\proyecto-lap\\app\\Views\\modificar_prestamo.php', 22)
 2 APPPATH\Views\prestamos.php(201): include('C:\\xampp\\htdocs\\proyecto-lap\\app\\Views\\modificar_prestamo.php')
 3 SYSTEMPATH\View\View.php(213): include('C:\\xampp\\htdocs\\proyecto-lap\\app\\Views\\prestamos.php')
 4 SYSTEMPATH\View\View.php(216): CodeIgniter\View\View->CodeIgniter\View\{closure}()
 5 SYSTEMPATH\Common.php(1184): CodeIgniter\View\View->render('prestamos', [], true)
 6 APPPATH\Controllers\Prestamos.php(14): view('prestamos', [...])
 7 SYSTEMPATH\CodeIgniter.php(934): App\Controllers\Prestamos->index()
 8 SYSTEMPATH\CodeIgniter.php(499): CodeIgniter\CodeIgniter->runController(Object(App\Controllers\Prestamos))
 9 SYSTEMPATH\CodeIgniter.php(368): CodeIgniter\CodeIgniter->handleRequest(null, Object(Config\Cache), false)
10 FCPATH\index.php(67): CodeIgniter\CodeIgniter->run()
INFO - 2023-04-28 00:23:08 --> Session: Class initialized using 'CodeIgniter\Session\Handlers\FileHandler' driver.
CRITICAL - 2023-04-28 00:23:08 --> Undefined variable $laboratorio
in APPPATH\Views\modificar_prestamo.php on line 22.
 1 APPPATH\Views\modificar_prestamo.php(22): CodeIgniter\Debug\Exceptions->errorHandler(2, 'Undefined variable $laboratorio', 'C:\\xampp\\htdocs\\proyecto-lap\\app\\Views\\modificar_prestamo.php', 22)
 2 APPPATH\Views\prestamos.php(201): include('C:\\xampp\\htdocs\\proyecto-lap\\app\\Views\\modificar_prestamo.php')
 3 SYSTEMPATH\View\View.php(213): include('C:\\xampp\\htdocs\\proyecto-lap\\app\\Views\\prestamos.php')
 4 SYSTEMPATH\View\View.php(216): CodeIgniter\View\View->CodeIgniter\View\{closure}()
 5 SYSTEMPATH\Common.php(1184): CodeIgniter\View\View->render('prestamos', [], true)
 6 APPPATH\Controllers\Prestamos.php(14): view('prestamos', [...])
 7 SYSTEMPATH\CodeIgniter.php(934): App\Controllers\Prestamos->index()
 8 SYSTEMPATH\CodeIgniter.php(499): CodeIgniter\CodeIgniter->runController(Object(App\Controllers\Prestamos))
 9 SYSTEMPATH\CodeIgniter.php(368): CodeIgniter\CodeIgniter->handleRequest(null, Object(Config\Cache), false)
10 FCPATH\index.php(67): CodeIgniter\CodeIgniter->run()
INFO - 2023-04-28 00:23:08 --> Session: Class initialized using 'CodeIgniter\Session\Handlers\FileHandler' driver.
CRITICAL - 2023-04-28 00:23:08 --> Undefined variable $laboratorio
in APPPATH\Views\modificar_prestamo.php on line 22.
 1 APPPATH\Views\modificar_prestamo.php(22): CodeIgniter\Debug\Exceptions->errorHandler(2, 'Undefined variable $laboratorio', 'C:\\xampp\\htdocs\\proyecto-lap\\app\\Views\\modificar_prestamo.php', 22)
 2 APPPATH\Views\prestamos.php(201): include('C:\\xampp\\htdocs\\proyecto-lap\\app\\Views\\modificar_prestamo.php')
 3 SYSTEMPATH\View\View.php(213): include('C:\\xampp\\htdocs\\proyecto-lap\\app\\Views\\prestamos.php')
 4 SYSTEMPATH\View\View.php(216): CodeIgniter\View\View->CodeIgniter\View\{closure}()
 5 SYSTEMPATH\Common.php(1184): CodeIgniter\View\View->render('prestamos', [], true)
 6 APPPATH\Controllers\Prestamos.php(14): view('prestamos', [...])
 7 SYSTEMPATH\CodeIgniter.php(934): App\Controllers\Prestamos->index()
 8 SYSTEMPATH\CodeIgniter.php(499): CodeIgniter\CodeIgniter->runController(Object(App\Controllers\Prestamos))
 9 SYSTEMPATH\CodeIgniter.php(368): CodeIgniter\CodeIgniter->handleRequest(null, Object(Config\Cache), false)
10 FCPATH\index.php(67): CodeIgniter\CodeIgniter->run()
INFO - 2023-04-28 00:24:54 --> Session: Class initialized using 'CodeIgniter\Session\Handlers\FileHandler' driver.
CRITICAL - 2023-04-28 00:24:54 --> Undefined variable $laboratorio
in APPPATH\Views\modificar_prestamo.php on line 22.
 1 APPPATH\Views\modificar_prestamo.php(22): CodeIgniter\Debug\Exceptions->errorHandler(2, 'Undefined variable $laboratorio', 'C:\\xampp\\htdocs\\proyecto-lap\\app\\Views\\modificar_prestamo.php', 22)
 2 APPPATH\Views\prestamos.php(201): include('C:\\xampp\\htdocs\\proyecto-lap\\app\\Views\\modificar_prestamo.php')
 3 SYSTEMPATH\View\View.php(213): include('C:\\xampp\\htdocs\\proyecto-lap\\app\\Views\\prestamos.php')
 4 SYSTEMPATH\View\View.php(216): CodeIgniter\View\View->CodeIgniter\View\{closure}()
 5 SYSTEMPATH\Common.php(1184): CodeIgniter\View\View->render('prestamos', [], true)
 6 APPPATH\Controllers\Prestamos.php(14): view('prestamos', [...])
 7 SYSTEMPATH\CodeIgniter.php(934): App\Controllers\Prestamos->index()
 8 SYSTEMPATH\CodeIgniter.php(499): CodeIgniter\CodeIgniter->runController(Object(App\Controllers\Prestamos))
 9 SYSTEMPATH\CodeIgniter.php(368): CodeIgniter\CodeIgniter->handleRequest(null, Object(Config\Cache), false)
10 FCPATH\index.php(67): CodeIgniter\CodeIgniter->run()
INFO - 2023-04-28 00:24:56 --> Session: Class initialized using 'CodeIgniter\Session\Handlers\FileHandler' driver.
INFO - 2023-04-28 00:24:59 --> Session: Class initialized using 'CodeIgniter\Session\Handlers\FileHandler' driver.
CRITICAL - 2023-04-28 00:24:59 --> Undefined variable $laboratorio
in APPPATH\Views\modificar_prestamo.php on line 22.
 1 APPPATH\Views\modificar_prestamo.php(22): CodeIgniter\Debug\Exceptions->errorHandler(2, 'Undefined variable $laboratorio', 'C:\\xampp\\htdocs\\proyecto-lap\\app\\Views\\modificar_prestamo.php', 22)
 2 APPPATH\Views\prestamos.php(201): include('C:\\xampp\\htdocs\\proyecto-lap\\app\\Views\\modificar_prestamo.php')
 3 SYSTEMPATH\View\View.php(213): include('C:\\xampp\\htdocs\\proyecto-lap\\app\\Views\\prestamos.php')
 4 SYSTEMPATH\View\View.php(216): CodeIgniter\View\View->CodeIgniter\View\{closure}()
 5 SYSTEMPATH\Common.php(1184): CodeIgniter\View\View->render('prestamos', [], true)
 6 APPPATH\Controllers\Prestamos.php(14): view('prestamos', [...])
 7 SYSTEMPATH\CodeIgniter.php(934): App\Controllers\Prestamos->index()
 8 SYSTEMPATH\CodeIgniter.php(499): CodeIgniter\CodeIgniter->runController(Object(App\Controllers\Prestamos))
 9 SYSTEMPATH\CodeIgniter.php(368): CodeIgniter\CodeIgniter->handleRequest(null, Object(Config\Cache), false)
10 FCPATH\index.php(67): CodeIgniter\CodeIgniter->run()
INFO - 2023-04-28 00:25:35 --> Session: Class initialized using 'CodeIgniter\Session\Handlers\FileHandler' driver.
CRITICAL - 2023-04-28 00:25:35 --> Undefined variable $laboratorio
in APPPATH\Views\modificar_prestamo.php on line 22.
 1 APPPATH\Views\modificar_prestamo.php(22): CodeIgniter\Debug\Exceptions->errorHandler(2, 'Undefined variable $laboratorio', 'C:\\xampp\\htdocs\\proyecto-lap\\app\\Views\\modificar_prestamo.php', 22)
 2 APPPATH\Views\prestamos.php(201): include('C:\\xampp\\htdocs\\proyecto-lap\\app\\Views\\modificar_prestamo.php')
 3 SYSTEMPATH\View\View.php(213): include('C:\\xampp\\htdocs\\proyecto-lap\\app\\Views\\prestamos.php')
 4 SYSTEMPATH\View\View.php(216): CodeIgniter\View\View->CodeIgniter\View\{closure}()
 5 SYSTEMPATH\Common.php(1184): CodeIgniter\View\View->render('prestamos', [], true)
 6 APPPATH\Controllers\Prestamos.php(14): view('prestamos', [...])
 7 SYSTEMPATH\CodeIgniter.php(934): App\Controllers\Prestamos->index()
 8 SYSTEMPATH\CodeIgniter.php(499): CodeIgniter\CodeIgniter->runController(Object(App\Controllers\Prestamos))
 9 SYSTEMPATH\CodeIgniter.php(368): CodeIgniter\CodeIgniter->handleRequest(null, Object(Config\Cache), false)
10 FCPATH\index.php(67): CodeIgniter\CodeIgniter->run()
INFO - 2023-04-28 00:25:53 --> Session: Class initialized using 'CodeIgniter\Session\Handlers\FileHandler' driver.
CRITICAL - 2023-04-28 00:25:53 --> Undefined variable $laboratorio
in APPPATH\Views\modificar_prestamo.php on line 22.
 1 APPPATH\Views\modificar_prestamo.php(22): CodeIgniter\Debug\Exceptions->errorHandler(2, 'Undefined variable $laboratorio', 'C:\\xampp\\htdocs\\proyecto-lap\\app\\Views\\modificar_prestamo.php', 22)
 2 APPPATH\Views\prestamos.php(201): include('C:\\xampp\\htdocs\\proyecto-lap\\app\\Views\\modificar_prestamo.php')
 3 SYSTEMPATH\View\View.php(213): include('C:\\xampp\\htdocs\\proyecto-lap\\app\\Views\\prestamos.php')
 4 SYSTEMPATH\View\View.php(216): CodeIgniter\View\View->CodeIgniter\View\{closure}()
 5 SYSTEMPATH\Common.php(1184): CodeIgniter\View\View->render('prestamos', [], true)
 6 APPPATH\Controllers\Prestamos.php(14): view('prestamos', [...])
 7 SYSTEMPATH\CodeIgniter.php(934): App\Controllers\Prestamos->index()
 8 SYSTEMPATH\CodeIgniter.php(499): CodeIgniter\CodeIgniter->runController(Object(App\Controllers\Prestamos))
 9 SYSTEMPATH\CodeIgniter.php(368): CodeIgniter\CodeIgniter->handleRequest(null, Object(Config\Cache), false)
10 FCPATH\index.php(67): CodeIgniter\CodeIgniter->run()
INFO - 2023-04-28 00:25:54 --> Session: Class initialized using 'CodeIgniter\Session\Handlers\FileHandler' driver.
CRITICAL - 2023-04-28 00:25:54 --> Undefined variable $laboratorio
in APPPATH\Views\modificar_prestamo.php on line 22.
 1 APPPATH\Views\modificar_prestamo.php(22): CodeIgniter\Debug\Exceptions->errorHandler(2, 'Undefined variable $laboratorio', 'C:\\xampp\\htdocs\\proyecto-lap\\app\\Views\\modificar_prestamo.php', 22)
 2 APPPATH\Views\prestamos.php(201): include('C:\\xampp\\htdocs\\proyecto-lap\\app\\Views\\modificar_prestamo.php')
 3 SYSTEMPATH\View\View.php(213): include('C:\\xampp\\htdocs\\proyecto-lap\\app\\Views\\prestamos.php')
 4 SYSTEMPATH\View\View.php(216): CodeIgniter\View\View->CodeIgniter\View\{closure}()
 5 SYSTEMPATH\Common.php(1184): CodeIgniter\View\View->render('prestamos', [], true)
 6 APPPATH\Controllers\Prestamos.php(14): view('prestamos', [...])
 7 SYSTEMPATH\CodeIgniter.php(934): App\Controllers\Prestamos->index()
 8 SYSTEMPATH\CodeIgniter.php(499): CodeIgniter\CodeIgniter->runController(Object(App\Controllers\Prestamos))
 9 SYSTEMPATH\CodeIgniter.php(368): CodeIgniter\CodeIgniter->handleRequest(null, Object(Config\Cache), false)
10 FCPATH\index.php(67): CodeIgniter\CodeIgniter->run()
INFO - 2023-04-28 00:26:51 --> Session: Class initialized using 'CodeIgniter\Session\Handlers\FileHandler' driver.
CRITICAL - 2023-04-28 00:26:51 --> Undefined variable $laboratorio
in APPPATH\Views\modificar_prestamo.php on line 22.
 1 APPPATH\Views\modificar_prestamo.php(22): CodeIgniter\Debug\Exceptions->errorHandler(2, 'Undefined variable $laboratorio', 'C:\\xampp\\htdocs\\proyecto-lap\\app\\Views\\modificar_prestamo.php', 22)
 2 APPPATH\Views\prestamos.php(201): include('C:\\xampp\\htdocs\\proyecto-lap\\app\\Views\\modificar_prestamo.php')
 3 SYSTEMPATH\View\View.php(213): include('C:\\xampp\\htdocs\\proyecto-lap\\app\\Views\\prestamos.php')
 4 SYSTEMPATH\View\View.php(216): CodeIgniter\View\View->CodeIgniter\View\{closure}()
 5 SYSTEMPATH\Common.php(1184): CodeIgniter\View\View->render('prestamos', [], true)
 6 APPPATH\Controllers\Prestamos.php(14): view('prestamos', [...])
 7 SYSTEMPATH\CodeIgniter.php(934): App\Controllers\Prestamos->index()
 8 SYSTEMPATH\CodeIgniter.php(499): CodeIgniter\CodeIgniter->runController(Object(App\Controllers\Prestamos))
 9 SYSTEMPATH\CodeIgniter.php(368): CodeIgniter\CodeIgniter->handleRequest(null, Object(Config\Cache), false)
10 FCPATH\index.php(67): CodeIgniter\CodeIgniter->run()
INFO - 2023-04-28 00:27:11 --> Session: Class initialized using 'CodeIgniter\Session\Handlers\FileHandler' driver.
CRITICAL - 2023-04-28 00:27:11 --> Undefined variable $laboratorio
in APPPATH\Views\modificar_prestamo.php on line 22.
 1 APPPATH\Views\modificar_prestamo.php(22): CodeIgniter\Debug\Exceptions->errorHandler(2, 'Undefined variable $laboratorio', 'C:\\xampp\\htdocs\\proyecto-lap\\app\\Views\\modificar_prestamo.php', 22)
 2 APPPATH\Views\prestamos.php(201): include('C:\\xampp\\htdocs\\proyecto-lap\\app\\Views\\modificar_prestamo.php')
 3 SYSTEMPATH\View\View.php(213): include('C:\\xampp\\htdocs\\proyecto-lap\\app\\Views\\prestamos.php')
 4 SYSTEMPATH\View\View.php(216): CodeIgniter\View\View->CodeIgniter\View\{closure}()
 5 SYSTEMPATH\Common.php(1184): CodeIgniter\View\View->render('prestamos', [], true)
 6 APPPATH\Controllers\Prestamos.php(14): view('prestamos', [...])
 7 SYSTEMPATH\CodeIgniter.php(934): App\Controllers\Prestamos->index()
 8 SYSTEMPATH\CodeIgniter.php(499): CodeIgniter\CodeIgniter->runController(Object(App\Controllers\Prestamos))
 9 SYSTEMPATH\CodeIgniter.php(368): CodeIgniter\CodeIgniter->handleRequest(null, Object(Config\Cache), false)
10 FCPATH\index.php(67): CodeIgniter\CodeIgniter->run()
INFO - 2023-04-28 00:27:13 --> Session: Class initialized using 'CodeIgniter\Session\Handlers\FileHandler' driver.
INFO - 2023-04-28 00:27:16 --> Session: Class initialized using 'CodeIgniter\Session\Handlers\FileHandler' driver.
CRITICAL - 2023-04-28 00:27:16 --> Undefined variable $laboratorio
in APPPATH\Views\modificar_prestamo.php on line 22.
 1 APPPATH\Views\modificar_prestamo.php(22): CodeIgniter\Debug\Exceptions->errorHandler(2, 'Undefined variable $laboratorio', 'C:\\xampp\\htdocs\\proyecto-lap\\app\\Views\\modificar_prestamo.php', 22)
 2 APPPATH\Views\prestamos.php(201): include('C:\\xampp\\htdocs\\proyecto-lap\\app\\Views\\modificar_prestamo.php')
 3 SYSTEMPATH\View\View.php(213): include('C:\\xampp\\htdocs\\proyecto-lap\\app\\Views\\prestamos.php')
 4 SYSTEMPATH\View\View.php(216): CodeIgniter\View\View->CodeIgniter\View\{closure}()
 5 SYSTEMPATH\Common.php(1184): CodeIgniter\View\View->render('prestamos', [], true)
 6 APPPATH\Controllers\Prestamos.php(14): view('prestamos', [...])
 7 SYSTEMPATH\CodeIgniter.php(934): App\Controllers\Prestamos->index()
 8 SYSTEMPATH\CodeIgniter.php(499): CodeIgniter\CodeIgniter->runController(Object(App\Controllers\Prestamos))
 9 SYSTEMPATH\CodeIgniter.php(368): CodeIgniter\CodeIgniter->handleRequest(null, Object(Config\Cache), false)
10 FCPATH\index.php(67): CodeIgniter\CodeIgniter->run()
CRITICAL - 2023-04-28 00:28:11 --> Undefined property: App\Controllers\Prestamos::$UserModel
in APPPATH\Controllers\Prestamos.php on line 14.
 1 APPPATH\Controllers\Prestamos.php(14): CodeIgniter\Debug\Exceptions->errorHandler(2, 'Undefined property: App\\Controllers\\Prestamos::$UserModel', 'C:\\xampp\\htdocs\\proyecto-lap\\app\\Controllers\\Prestamos.php', 14)
 2 SYSTEMPATH\CodeIgniter.php(934): App\Controllers\Prestamos->index()
 3 SYSTEMPATH\CodeIgniter.php(499): CodeIgniter\CodeIgniter->runController(Object(App\Controllers\Prestamos))
 4 SYSTEMPATH\CodeIgniter.php(368): CodeIgniter\CodeIgniter->handleRequest(null, Object(Config\Cache), false)
 5 FCPATH\index.php(67): CodeIgniter\CodeIgniter->run()
INFO - 2023-04-28 00:28:26 --> Session: Class initialized using 'CodeIgniter\Session\Handlers\FileHandler' driver.
INFO - 2023-04-28 00:34:21 --> Session: Class initialized using 'CodeIgniter\Session\Handlers\FileHandler' driver.
INFO - 2023-04-28 00:36:46 --> Session: Class initialized using 'CodeIgniter\Session\Handlers\FileHandler' driver.
INFO - 2023-04-28 00:40:07 --> Session: Class initialized using 'CodeIgniter\Session\Handlers\FileHandler' driver.
CRITICAL - 2023-04-28 00:40:07 --> Undefined array key "id_equipos"
in APPPATH\Views\modificar_prestamo.php on line 47.
 1 APPPATH\Views\modificar_prestamo.php(47): CodeIgniter\Debug\Exceptions->errorHandler(2, 'Undefined array key "id_equipos"', 'C:\\xampp\\htdocs\\proyecto-lap\\app\\Views\\modificar_prestamo.php', 47)
 2 APPPATH\Views\prestamos.php(201): include('C:\\xampp\\htdocs\\proyecto-lap\\app\\Views\\modificar_prestamo.php')
 3 SYSTEMPATH\View\View.php(213): include('C:\\xampp\\htdocs\\proyecto-lap\\app\\Views\\prestamos.php')
 4 SYSTEMPATH\View\View.php(216): CodeIgniter\View\View->CodeIgniter\View\{closure}()
 5 SYSTEMPATH\Common.php(1184): CodeIgniter\View\View->render('prestamos', [], true)
 6 APPPATH\Controllers\Prestamos.php(20): view('prestamos', [...])
 7 SYSTEMPATH\CodeIgniter.php(934): App\Controllers\Prestamos->index()
 8 SYSTEMPATH\CodeIgniter.php(499): CodeIgniter\CodeIgniter->runController(Object(App\Controllers\Prestamos))
 9 SYSTEMPATH\CodeIgniter.php(368): CodeIgniter\CodeIgniter->handleRequest(null, Object(Config\Cache), false)
10 FCPATH\index.php(67): CodeIgniter\CodeIgniter->run()
INFO - 2023-04-28 00:40:09 --> Session: Class initialized using 'CodeIgniter\Session\Handlers\FileHandler' driver.
CRITICAL - 2023-04-28 00:40:09 --> Undefined array key "id_equipos"
in APPPATH\Views\modificar_prestamo.php on line 47.
 1 APPPATH\Views\modificar_prestamo.php(47): CodeIgniter\Debug\Exceptions->errorHandler(2, 'Undefined array key "id_equipos"', 'C:\\xampp\\htdocs\\proyecto-lap\\app\\Views\\modificar_prestamo.php', 47)
 2 APPPATH\Views\prestamos.php(201): include('C:\\xampp\\htdocs\\proyecto-lap\\app\\Views\\modificar_prestamo.php')
 3 SYSTEMPATH\View\View.php(213): include('C:\\xampp\\htdocs\\proyecto-lap\\app\\Views\\prestamos.php')
 4 SYSTEMPATH\View\View.php(216): CodeIgniter\View\View->CodeIgniter\View\{closure}()
 5 SYSTEMPATH\Common.php(1184): CodeIgniter\View\View->render('prestamos', [], true)
 6 APPPATH\Controllers\Prestamos.php(20): view('prestamos', [...])
 7 SYSTEMPATH\CodeIgniter.php(934): App\Controllers\Prestamos->index()
 8 SYSTEMPATH\CodeIgniter.php(499): CodeIgniter\CodeIgniter->runController(Object(App\Controllers\Prestamos))
 9 SYSTEMPATH\CodeIgniter.php(368): CodeIgniter\CodeIgniter->handleRequest(null, Object(Config\Cache), false)
10 FCPATH\index.php(67): CodeIgniter\CodeIgniter->run()
INFO - 2023-04-28 00:40:18 --> Session: Class initialized using 'CodeIgniter\Session\Handlers\FileHandler' driver.
INFO - 2023-04-28 00:41:00 --> Session: Class initialized using 'CodeIgniter\Session\Handlers\FileHandler' driver.
INFO - 2023-04-28 00:44:08 --> Session: Class initialized using 'CodeIgniter\Session\Handlers\FileHandler' driver.
INFO - 2023-04-28 00:45:46 --> Session: Class initialized using 'CodeIgniter\Session\Handlers\FileHandler' driver.
INFO - 2023-04-28 00:46:24 --> Session: Class initialized using 'CodeIgniter\Session\Handlers\FileHandler' driver.
INFO - 2023-04-28 00:46:35 --> Session: Class initialized using 'CodeIgniter\Session\Handlers\FileHandler' driver.
INFO - 2023-04-28 00:46:46 --> Session: Class initialized using 'CodeIgniter\Session\Handlers\FileHandler' driver.
INFO - 2023-04-28 00:46:46 --> Session: Class initialized using 'CodeIgniter\Session\Handlers\FileHandler' driver.
INFO - 2023-04-28 00:46:51 --> Session: Class initialized using 'CodeIgniter\Session\Handlers\FileHandler' driver.
INFO - 2023-04-28 00:46:51 --> Session: Class initialized using 'CodeIgniter\Session\Handlers\FileHandler' driver.
INFO - 2023-04-28 00:46:54 --> Session: Class initialized using 'CodeIgniter\Session\Handlers\FileHandler' driver.
INFO - 2023-04-28 00:46:58 --> Session: Class initialized using 'CodeIgniter\Session\Handlers\FileHandler' driver.
INFO - 2023-04-28 00:47:02 --> Session: Class initialized using 'CodeIgniter\Session\Handlers\FileHandler' driver.
INFO - 2023-04-28 00:47:05 --> Session: Class initialized using 'CodeIgniter\Session\Handlers\FileHandler' driver.
INFO - 2023-04-28 00:51:35 --> Session: Class initialized using 'CodeIgniter\Session\Handlers\FileHandler' driver.
CRITICAL - 2023-04-28 00:51:35 --> Cannot access offset of type string on string
in APPPATH\Views\modificar.php on line 38.
 1 APPPATH\Views\usuarios.php(212): include()
 2 SYSTEMPATH\View\View.php(213): include('C:\\xampp\\htdocs\\proyecto-lap\\app\\Views\\usuarios.php')
 3 SYSTEMPATH\View\View.php(216): CodeIgniter\View\View->CodeIgniter\View\{closure}()
 4 SYSTEMPATH\Common.php(1184): CodeIgniter\View\View->render('usuarios', [], true)
 5 APPPATH\Controllers\Usuarios.php(16): view('usuarios', [...])
 6 SYSTEMPATH\CodeIgniter.php(934): App\Controllers\Usuarios->index()
 7 SYSTEMPATH\CodeIgniter.php(499): CodeIgniter\CodeIgniter->runController(Object(App\Controllers\Usuarios))
 8 SYSTEMPATH\CodeIgniter.php(368): CodeIgniter\CodeIgniter->handleRequest(null, Object(Config\Cache), false)
 9 FCPATH\index.php(67): CodeIgniter\CodeIgniter->run()
INFO - 2023-04-28 00:51:36 --> Session: Class initialized using 'CodeIgniter\Session\Handlers\FileHandler' driver.
CRITICAL - 2023-04-28 00:51:36 --> Cannot access offset of type string on string
in APPPATH\Views\modificar.php on line 38.
 1 APPPATH\Views\usuarios.php(212): include()
 2 SYSTEMPATH\View\View.php(213): include('C:\\xampp\\htdocs\\proyecto-lap\\app\\Views\\usuarios.php')
 3 SYSTEMPATH\View\View.php(216): CodeIgniter\View\View->CodeIgniter\View\{closure}()
 4 SYSTEMPATH\Common.php(1184): CodeIgniter\View\View->render('usuarios', [], true)
 5 APPPATH\Controllers\Usuarios.php(16): view('usuarios', [...])
 6 SYSTEMPATH\CodeIgniter.php(934): App\Controllers\Usuarios->index()
 7 SYSTEMPATH\CodeIgniter.php(499): CodeIgniter\CodeIgniter->runController(Object(App\Controllers\Usuarios))
 8 SYSTEMPATH\CodeIgniter.php(368): CodeIgniter\CodeIgniter->handleRequest(null, Object(Config\Cache), false)
 9 FCPATH\index.php(67): CodeIgniter\CodeIgniter->run()
INFO - 2023-04-28 00:52:09 --> Session: Class initialized using 'CodeIgniter\Session\Handlers\FileHandler' driver.
CRITICAL - 2023-04-28 00:52:09 --> Undefined array key "nombre_carrera"
in APPPATH\Views\modificar.php on line 41.
 1 APPPATH\Views\modificar.php(41): CodeIgniter\Debug\Exceptions->errorHandler(2, 'Undefined array key "nombre_carrera"', 'C:\\xampp\\htdocs\\proyecto-lap\\app\\Views\\modificar.php', 41)
 2 APPPATH\Views\usuarios.php(212): include('C:\\xampp\\htdocs\\proyecto-lap\\app\\Views\\modificar.php')
 3 SYSTEMPATH\View\View.php(213): include('C:\\xampp\\htdocs\\proyecto-lap\\app\\Views\\usuarios.php')
 4 SYSTEMPATH\View\View.php(216): CodeIgniter\View\View->CodeIgniter\View\{closure}()
 5 SYSTEMPATH\Common.php(1184): CodeIgniter\View\View->render('usuarios', [], true)
 6 APPPATH\Controllers\Usuarios.php(16): view('usuarios', [...])
 7 SYSTEMPATH\CodeIgniter.php(934): App\Controllers\Usuarios->index()
 8 SYSTEMPATH\CodeIgniter.php(499): CodeIgniter\CodeIgniter->runController(Object(App\Controllers\Usuarios))
 9 SYSTEMPATH\CodeIgniter.php(368): CodeIgniter\CodeIgniter->handleRequest(null, Object(Config\Cache), false)
10 FCPATH\index.php(67): CodeIgniter\CodeIgniter->run()
INFO - 2023-04-28 00:53:03 --> Session: Class initialized using 'CodeIgniter\Session\Handlers\FileHandler' driver.
CRITICAL - 2023-04-28 00:53:03 --> Undefined array key "nombre_carrera"
in APPPATH\Views\modificar.php on line 41.
 1 APPPATH\Views\modificar.php(41): CodeIgniter\Debug\Exceptions->errorHandler(2, 'Undefined array key "nombre_carrera"', 'C:\\xampp\\htdocs\\proyecto-lap\\app\\Views\\modificar.php', 41)
 2 APPPATH\Views\usuarios.php(212): include('C:\\xampp\\htdocs\\proyecto-lap\\app\\Views\\modificar.php')
 3 SYSTEMPATH\View\View.php(213): include('C:\\xampp\\htdocs\\proyecto-lap\\app\\Views\\usuarios.php')
 4 SYSTEMPATH\View\View.php(216): CodeIgniter\View\View->CodeIgniter\View\{closure}()
 5 SYSTEMPATH\Common.php(1184): CodeIgniter\View\View->render('usuarios', [], true)
 6 APPPATH\Controllers\Usuarios.php(16): view('usuarios', [...])
 7 SYSTEMPATH\CodeIgniter.php(934): App\Controllers\Usuarios->index()
 8 SYSTEMPATH\CodeIgniter.php(499): CodeIgniter\CodeIgniter->runController(Object(App\Controllers\Usuarios))
 9 SYSTEMPATH\CodeIgniter.php(368): CodeIgniter\CodeIgniter->handleRequest(null, Object(Config\Cache), false)
10 FCPATH\index.php(67): CodeIgniter\CodeIgniter->run()
INFO - 2023-04-28 00:53:24 --> Session: Class initialized using 'CodeIgniter\Session\Handlers\FileHandler' driver.
CRITICAL - 2023-04-28 00:53:24 --> Undefined array key "nombre_carrera"
in APPPATH\Views\modificar.php on line 41.
 1 APPPATH\Views\modificar.php(41): CodeIgniter\Debug\Exceptions->errorHandler(2, 'Undefined array key "nombre_carrera"', 'C:\\xampp\\htdocs\\proyecto-lap\\app\\Views\\modificar.php', 41)
 2 APPPATH\Views\usuarios.php(212): include('C:\\xampp\\htdocs\\proyecto-lap\\app\\Views\\modificar.php')
 3 SYSTEMPATH\View\View.php(213): include('C:\\xampp\\htdocs\\proyecto-lap\\app\\Views\\usuarios.php')
 4 SYSTEMPATH\View\View.php(216): CodeIgniter\View\View->CodeIgniter\View\{closure}()
 5 SYSTEMPATH\Common.php(1184): CodeIgniter\View\View->render('usuarios', [], true)
 6 APPPATH\Controllers\Usuarios.php(16): view('usuarios', [...])
 7 SYSTEMPATH\CodeIgniter.php(934): App\Controllers\Usuarios->index()
 8 SYSTEMPATH\CodeIgniter.php(499): CodeIgniter\CodeIgniter->runController(Object(App\Controllers\Usuarios))
 9 SYSTEMPATH\CodeIgniter.php(368): CodeIgniter\CodeIgniter->handleRequest(null, Object(Config\Cache), false)
10 FCPATH\index.php(67): CodeIgniter\CodeIgniter->run()
INFO - 2023-04-28 00:53:30 --> Session: Class initialized using 'CodeIgniter\Session\Handlers\FileHandler' driver.
INFO - 2023-04-28 00:54:02 --> Session: Class initialized using 'CodeIgniter\Session\Handlers\FileHandler' driver.
INFO - 2023-04-28 01:15:03 --> Session: Class initialized using 'CodeIgniter\Session\Handlers\FileHandler' driver.
INFO - 2023-04-28 01:15:09 --> Session: Class initialized using 'CodeIgniter\Session\Handlers\FileHandler' driver.
INFO - 2023-04-28 01:15:57 --> Session: Class initialized using 'CodeIgniter\Session\Handlers\FileHandler' driver.
INFO - 2023-04-28 01:15:57 --> Session: Class initialized using 'CodeIgniter\Session\Handlers\FileHandler' driver.
INFO - 2023-04-28 01:16:12 --> Session: Class initialized using 'CodeIgniter\Session\Handlers\FileHandler' driver.
INFO - 2023-04-28 01:16:13 --> Session: Class initialized using 'CodeIgniter\Session\Handlers\FileHandler' driver.
ERROR - 2023-04-28 01:19:56 --> mysqli_sql_exception: Cannot add or update a child row: a foreign key constraint fails (`proyecto_laboratorios`.`prestamo`, CONSTRAINT `prestamo_ibfk_3` FOREIGN KEY (`id_equipo`) REFERENCES `equipo` (`id_equipo`) ON DELETE NO ACTION) in C:\xampp\htdocs\proyecto-lap\vendor\codeigniter4\framework\system\Database\MySQLi\Connection.php:295
Stack trace:
#0 C:\xampp\htdocs\proyecto-lap\vendor\codeigniter4\framework\system\Database\MySQLi\Connection.php(295): mysqli->query('UPDATE `prestam...', 0)
#1 C:\xampp\htdocs\proyecto-lap\vendor\codeigniter4\framework\system\Database\BaseConnection.php(691): CodeIgniter\Database\MySQLi\Connection->execute('UPDATE `prestam...')
#2 C:\xampp\htdocs\proyecto-lap\vendor\codeigniter4\framework\system\Database\BaseConnection.php(605): CodeIgniter\Database\BaseConnection->simpleQuery('UPDATE `prestam...')
#3 C:\xampp\htdocs\proyecto-lap\vendor\codeigniter4\framework\system\Database\BaseBuilder.php(2476): CodeIgniter\Database\BaseConnection->query('UPDATE `prestam...', Array, false)
#4 C:\xampp\htdocs\proyecto-lap\vendor\codeigniter4\framework\system\Model.php(396): CodeIgniter\Database\BaseBuilder->update()
#5 C:\xampp\htdocs\proyecto-lap\vendor\codeigniter4\framework\system\BaseModel.php(943): CodeIgniter\Model->doUpdate(Array, Array)
#6 C:\xampp\htdocs\proyecto-lap\vendor\codeigniter4\framework\system\Model.php(756): CodeIgniter\BaseModel->update(Array, Array)
#7 C:\xampp\htdocs\proyecto-lap\app\Controllers\Prestamos.php(74): CodeIgniter\Model->update('13', Array)
#8 C:\xampp\htdocs\proyecto-lap\vendor\codeigniter4\framework\system\CodeIgniter.php(934): App\Controllers\Prestamos->modificar('13')
#9 C:\xampp\htdocs\proyecto-lap\vendor\codeigniter4\framework\system\CodeIgniter.php(499): CodeIgniter\CodeIgniter->runController(Object(App\Controllers\Prestamos))
#10 C:\xampp\htdocs\proyecto-lap\vendor\codeigniter4\framework\system\CodeIgniter.php(368): CodeIgniter\CodeIgniter->handleRequest(NULL, Object(Config\Cache), false)
#11 C:\xampp\htdocs\proyecto-lap\public\index.php(67): CodeIgniter\CodeIgniter->run()
#12 {main}
CRITICAL - 2023-04-28 01:19:56 --> Cannot add or update a child row: a foreign key constraint fails (`proyecto_laboratorios`.`prestamo`, CONSTRAINT `prestamo_ibfk_3` FOREIGN KEY (`id_equipo`) REFERENCES `equipo` (`id_equipo`) ON DELETE NO ACTION)
in SYSTEMPATH\Database\MySQLi\Connection.php on line 295.
 1 SYSTEMPATH\Database\MySQLi\Connection.php(295): mysqli->query('UPDATE `prestamo` SET `fecha_prestamo` = NULL, `hora_fin_prestamo` = \'07:15:50\', `observacion_prestamo` = \'Ninguna\', `id_laboratorio` = NULL, `id_usuario` = NULL, `id_equipo` = NULL
WHERE `prestamo`.`id_prestamo` IN (\'13\')', 0)
 2 SYSTEMPATH\Database\BaseConnection.php(691): CodeIgniter\Database\MySQLi\Connection->execute('UPDATE `prestamo` SET `fecha_prestamo` = NULL, `hora_fin_prestamo` = \'07:15:50\', `observacion_prestamo` = \'Ninguna\', `id_laboratorio` = NULL, `id_usuario` = NULL, `id_equipo` = NULL
WHERE `prestamo`.`id_prestamo` IN (\'13\')')
 3 SYSTEMPATH\Database\BaseConnection.php(605): CodeIgniter\Database\BaseConnection->simpleQuery('UPDATE `prestamo` SET `fecha_prestamo` = NULL, `hora_fin_prestamo` = \'07:15:50\', `observacion_prestamo` = \'Ninguna\', `id_laboratorio` = NULL, `id_usuario` = NULL, `id_equipo` = NULL
WHERE `prestamo`.`id_prestamo` IN (\'13\')')
 4 SYSTEMPATH\Database\BaseBuilder.php(2476): CodeIgniter\Database\BaseConnection->query('UPDATE `prestamo` SET `fecha_prestamo` = :fecha_prestamo:, `hora_fin_prestamo` = :hora_fin_prestamo:, `observacion_prestamo` = :observacion_prestamo:, `id_laboratorio` = :id_laboratorio:, `id_usuario` = :id_usuario:, `id_equipo` = :id_equipo:
WHERE `prestamo`.`id_prestamo` IN :prestamo.id_prestamo:', [...], false)
 5 SYSTEMPATH\Model.php(396): CodeIgniter\Database\BaseBuilder->update()
 6 SYSTEMPATH\BaseModel.php(943): CodeIgniter\Model->doUpdate([...], [...])
 7 SYSTEMPATH\Model.php(756): CodeIgniter\BaseModel->update([...], [...])
 8 APPPATH\Controllers\Prestamos.php(74): CodeIgniter\Model->update('13', [...])
 9 SYSTEMPATH\CodeIgniter.php(934): App\Controllers\Prestamos->modificar('13')
10 SYSTEMPATH\CodeIgniter.php(499): CodeIgniter\CodeIgniter->runController(Object(App\Controllers\Prestamos))
11 SYSTEMPATH\CodeIgniter.php(368): CodeIgniter\CodeIgniter->handleRequest(null, Object(Config\Cache), false)
12 FCPATH\index.php(67): CodeIgniter\CodeIgniter->run()
INFO - 2023-04-28 01:20:08 --> Session: Class initialized using 'CodeIgniter\Session\Handlers\FileHandler' driver.
INFO - 2023-04-28 01:20:13 --> Session: Class initialized using 'CodeIgniter\Session\Handlers\FileHandler' driver.
INFO - 2023-04-28 01:20:13 --> Session: Class initialized using 'CodeIgniter\Session\Handlers\FileHandler' driver.
INFO - 2023-04-28 01:20:15 --> Session: Class initialized using 'CodeIgniter\Session\Handlers\FileHandler' driver.
INFO - 2023-04-28 01:20:30 --> Session: Class initialized using 'CodeIgniter\Session\Handlers\FileHandler' driver.
INFO - 2023-04-28 01:20:30 --> Session: Class initialized using 'CodeIgniter\Session\Handlers\FileHandler' driver.
INFO - 2023-04-28 01:23:02 --> Session: Class initialized using 'CodeIgniter\Session\Handlers\FileHandler' driver.
ERROR - 2023-04-28 01:23:10 --> mysqli_sql_exception: Cannot add or update a child row: a foreign key constraint fails (`proyecto_laboratorios`.`prestamo`, CONSTRAINT `prestamo_ibfk_3` FOREIGN KEY (`id_equipo`) REFERENCES `equipo` (`id_equipo`) ON DELETE NO ACTION) in C:\xampp\htdocs\proyecto-lap\vendor\codeigniter4\framework\system\Database\MySQLi\Connection.php:295
Stack trace:
#0 C:\xampp\htdocs\proyecto-lap\vendor\codeigniter4\framework\system\Database\MySQLi\Connection.php(295): mysqli->query('UPDATE `prestam...', 0)
#1 C:\xampp\htdocs\proyecto-lap\vendor\codeigniter4\framework\system\Database\BaseConnection.php(691): CodeIgniter\Database\MySQLi\Connection->execute('UPDATE `prestam...')
#2 C:\xampp\htdocs\proyecto-lap\vendor\codeigniter4\framework\system\Database\BaseConnection.php(605): CodeIgniter\Database\BaseConnection->simpleQuery('UPDATE `prestam...')
#3 C:\xampp\htdocs\proyecto-lap\vendor\codeigniter4\framework\system\Database\BaseBuilder.php(2476): CodeIgniter\Database\BaseConnection->query('UPDATE `prestam...', Array, false)
#4 C:\xampp\htdocs\proyecto-lap\vendor\codeigniter4\framework\system\Model.php(396): CodeIgniter\Database\BaseBuilder->update()
#5 C:\xampp\htdocs\proyecto-lap\vendor\codeigniter4\framework\system\BaseModel.php(943): CodeIgniter\Model->doUpdate(Array, Array)
#6 C:\xampp\htdocs\proyecto-lap\vendor\codeigniter4\framework\system\Model.php(756): CodeIgniter\BaseModel->update(Array, Array)
#7 C:\xampp\htdocs\proyecto-lap\app\Controllers\Prestamos.php(74): CodeIgniter\Model->update('14', Array)
#8 C:\xampp\htdocs\proyecto-lap\vendor\codeigniter4\framework\system\CodeIgniter.php(934): App\Controllers\Prestamos->modificar('14')
#9 C:\xampp\htdocs\proyecto-lap\vendor\codeigniter4\framework\system\CodeIgniter.php(499): CodeIgniter\CodeIgniter->runController(Object(App\Controllers\Prestamos))
#10 C:\xampp\htdocs\proyecto-lap\vendor\codeigniter4\framework\system\CodeIgniter.php(368): CodeIgniter\CodeIgniter->handleRequest(NULL, Object(Config\Cache), false)
#11 C:\xampp\htdocs\proyecto-lap\public\index.php(67): CodeIgniter\CodeIgniter->run()
#12 {main}
CRITICAL - 2023-04-28 01:23:10 --> Cannot add or update a child row: a foreign key constraint fails (`proyecto_laboratorios`.`prestamo`, CONSTRAINT `prestamo_ibfk_3` FOREIGN KEY (`id_equipo`) REFERENCES `equipo` (`id_equipo`) ON DELETE NO ACTION)
in SYSTEMPATH\Database\MySQLi\Connection.php on line 295.
 1 SYSTEMPATH\Database\MySQLi\Connection.php(295): mysqli->query('UPDATE `prestamo` SET `fecha_prestamo` = NULL, `hora_fin_prestamo` = \'08:10:00\', `observacion_prestamo` = \'Ninguno\', `id_laboratorio` = NULL, `id_usuario` = NULL, `id_equipo` = NULL
WHERE `prestamo`.`id_prestamo` IN (\'14\')', 0)
 2 SYSTEMPATH\Database\BaseConnection.php(691): CodeIgniter\Database\MySQLi\Connection->execute('UPDATE `prestamo` SET `fecha_prestamo` = NULL, `hora_fin_prestamo` = \'08:10:00\', `observacion_prestamo` = \'Ninguno\', `id_laboratorio` = NULL, `id_usuario` = NULL, `id_equipo` = NULL
WHERE `prestamo`.`id_prestamo` IN (\'14\')')
 3 SYSTEMPATH\Database\BaseConnection.php(605): CodeIgniter\Database\BaseConnection->simpleQuery('UPDATE `prestamo` SET `fecha_prestamo` = NULL, `hora_fin_prestamo` = \'08:10:00\', `observacion_prestamo` = \'Ninguno\', `id_laboratorio` = NULL, `id_usuario` = NULL, `id_equipo` = NULL
WHERE `prestamo`.`id_prestamo` IN (\'14\')')
 4 SYSTEMPATH\Database\BaseBuilder.php(2476): CodeIgniter\Database\BaseConnection->query('UPDATE `prestamo` SET `fecha_prestamo` = :fecha_prestamo:, `hora_fin_prestamo` = :hora_fin_prestamo:, `observacion_prestamo` = :observacion_prestamo:, `id_laboratorio` = :id_laboratorio:, `id_usuario` = :id_usuario:, `id_equipo` = :id_equipo:
WHERE `prestamo`.`id_prestamo` IN :prestamo.id_prestamo:', [...], false)
 5 SYSTEMPATH\Model.php(396): CodeIgniter\Database\BaseBuilder->update()
 6 SYSTEMPATH\BaseModel.php(943): CodeIgniter\Model->doUpdate([...], [...])
 7 SYSTEMPATH\Model.php(756): CodeIgniter\BaseModel->update([...], [...])
 8 APPPATH\Controllers\Prestamos.php(74): CodeIgniter\Model->update('14', [...])
 9 SYSTEMPATH\CodeIgniter.php(934): App\Controllers\Prestamos->modificar('14')
10 SYSTEMPATH\CodeIgniter.php(499): CodeIgniter\CodeIgniter->runController(Object(App\Controllers\Prestamos))
11 SYSTEMPATH\CodeIgniter.php(368): CodeIgniter\CodeIgniter->handleRequest(null, Object(Config\Cache), false)
12 FCPATH\index.php(67): CodeIgniter\CodeIgniter->run()
INFO - 2023-04-28 01:23:12 --> Session: Class initialized using 'CodeIgniter\Session\Handlers\FileHandler' driver.
ERROR - 2023-04-28 01:23:30 --> mysqli_sql_exception: Cannot add or update a child row: a foreign key constraint fails (`proyecto_laboratorios`.`prestamo`, CONSTRAINT `prestamo_ibfk_3` FOREIGN KEY (`id_equipo`) REFERENCES `equipo` (`id_equipo`) ON DELETE NO ACTION) in C:\xampp\htdocs\proyecto-lap\vendor\codeigniter4\framework\system\Database\MySQLi\Connection.php:295
Stack trace:
#0 C:\xampp\htdocs\proyecto-lap\vendor\codeigniter4\framework\system\Database\MySQLi\Connection.php(295): mysqli->query('UPDATE `prestam...', 0)
#1 C:\xampp\htdocs\proyecto-lap\vendor\codeigniter4\framework\system\Database\BaseConnection.php(691): CodeIgniter\Database\MySQLi\Connection->execute('UPDATE `prestam...')
#2 C:\xampp\htdocs\proyecto-lap\vendor\codeigniter4\framework\system\Database\BaseConnection.php(605): CodeIgniter\Database\BaseConnection->simpleQuery('UPDATE `prestam...')
#3 C:\xampp\htdocs\proyecto-lap\vendor\codeigniter4\framework\system\Database\BaseBuilder.php(2476): CodeIgniter\Database\BaseConnection->query('UPDATE `prestam...', Array, false)
#4 C:\xampp\htdocs\proyecto-lap\vendor\codeigniter4\framework\system\Model.php(396): CodeIgniter\Database\BaseBuilder->update()
#5 C:\xampp\htdocs\proyecto-lap\vendor\codeigniter4\framework\system\BaseModel.php(943): CodeIgniter\Model->doUpdate(Array, Array)
#6 C:\xampp\htdocs\proyecto-lap\vendor\codeigniter4\framework\system\Model.php(756): CodeIgniter\BaseModel->update(Array, Array)
#7 C:\xampp\htdocs\proyecto-lap\app\Controllers\Prestamos.php(74): CodeIgniter\Model->update('14', Array)
#8 C:\xampp\htdocs\proyecto-lap\vendor\codeigniter4\framework\system\CodeIgniter.php(934): App\Controllers\Prestamos->modificar('14')
#9 C:\xampp\htdocs\proyecto-lap\vendor\codeigniter4\framework\system\CodeIgniter.php(499): CodeIgniter\CodeIgniter->runController(Object(App\Controllers\Prestamos))
#10 C:\xampp\htdocs\proyecto-lap\vendor\codeigniter4\framework\system\CodeIgniter.php(368): CodeIgniter\CodeIgniter->handleRequest(NULL, Object(Config\Cache), false)
#11 C:\xampp\htdocs\proyecto-lap\public\index.php(67): CodeIgniter\CodeIgniter->run()
#12 {main}
CRITICAL - 2023-04-28 01:23:30 --> Cannot add or update a child row: a foreign key constraint fails (`proyecto_laboratorios`.`prestamo`, CONSTRAINT `prestamo_ibfk_3` FOREIGN KEY (`id_equipo`) REFERENCES `equipo` (`id_equipo`) ON DELETE NO ACTION)
in SYSTEMPATH\Database\MySQLi\Connection.php on line 295.
 1 SYSTEMPATH\Database\MySQLi\Connection.php(295): mysqli->query('UPDATE `prestamo` SET `fecha_prestamo` = NULL, `hora_fin_prestamo` = \'08:10:00\', `observacion_prestamo` = \'Ninguno\', `id_laboratorio` = NULL, `id_usuario` = NULL, `id_equipo` = NULL
WHERE `prestamo`.`id_prestamo` IN (\'14\')', 0)
 2 SYSTEMPATH\Database\BaseConnection.php(691): CodeIgniter\Database\MySQLi\Connection->execute('UPDATE `prestamo` SET `fecha_prestamo` = NULL, `hora_fin_prestamo` = \'08:10:00\', `observacion_prestamo` = \'Ninguno\', `id_laboratorio` = NULL, `id_usuario` = NULL, `id_equipo` = NULL
WHERE `prestamo`.`id_prestamo` IN (\'14\')')
 3 SYSTEMPATH\Database\BaseConnection.php(605): CodeIgniter\Database\BaseConnection->simpleQuery('UPDATE `prestamo` SET `fecha_prestamo` = NULL, `hora_fin_prestamo` = \'08:10:00\', `observacion_prestamo` = \'Ninguno\', `id_laboratorio` = NULL, `id_usuario` = NULL, `id_equipo` = NULL
WHERE `prestamo`.`id_prestamo` IN (\'14\')')
 4 SYSTEMPATH\Database\BaseBuilder.php(2476): CodeIgniter\Database\BaseConnection->query('UPDATE `prestamo` SET `fecha_prestamo` = :fecha_prestamo:, `hora_fin_prestamo` = :hora_fin_prestamo:, `observacion_prestamo` = :observacion_prestamo:, `id_laboratorio` = :id_laboratorio:, `id_usuario` = :id_usuario:, `id_equipo` = :id_equipo:
WHERE `prestamo`.`id_prestamo` IN :prestamo.id_prestamo:', [...], false)
 5 SYSTEMPATH\Model.php(396): CodeIgniter\Database\BaseBuilder->update()
 6 SYSTEMPATH\BaseModel.php(943): CodeIgniter\Model->doUpdate([...], [...])
 7 SYSTEMPATH\Model.php(756): CodeIgniter\BaseModel->update([...], [...])
 8 APPPATH\Controllers\Prestamos.php(74): CodeIgniter\Model->update('14', [...])
 9 SYSTEMPATH\CodeIgniter.php(934): App\Controllers\Prestamos->modificar('14')
10 SYSTEMPATH\CodeIgniter.php(499): CodeIgniter\CodeIgniter->runController(Object(App\Controllers\Prestamos))
11 SYSTEMPATH\CodeIgniter.php(368): CodeIgniter\CodeIgniter->handleRequest(null, Object(Config\Cache), false)
12 FCPATH\index.php(67): CodeIgniter\CodeIgniter->run()
INFO - 2023-04-28 01:23:33 --> Session: Class initialized using 'CodeIgniter\Session\Handlers\FileHandler' driver.
INFO - 2023-04-28 01:23:34 --> Session: Class initialized using 'CodeIgniter\Session\Handlers\FileHandler' driver.
INFO - 2023-04-28 01:24:06 --> Session: Class initialized using 'CodeIgniter\Session\Handlers\FileHandler' driver.
INFO - 2023-04-28 01:24:21 --> Session: Class initialized using 'CodeIgniter\Session\Handlers\FileHandler' driver.
INFO - 2023-04-28 01:24:45 --> Session: Class initialized using 'CodeIgniter\Session\Handlers\FileHandler' driver.
ERROR - 2023-04-28 01:24:52 --> mysqli_sql_exception: Cannot add or update a child row: a foreign key constraint fails (`proyecto_laboratorios`.`prestamo`, CONSTRAINT `prestamo_ibfk_3` FOREIGN KEY (`id_equipo`) REFERENCES `equipo` (`id_equipo`) ON DELETE NO ACTION) in C:\xampp\htdocs\proyecto-lap\vendor\codeigniter4\framework\system\Database\MySQLi\Connection.php:295
Stack trace:
#0 C:\xampp\htdocs\proyecto-lap\vendor\codeigniter4\framework\system\Database\MySQLi\Connection.php(295): mysqli->query('INSERT INTO `pr...', 0)
#1 C:\xampp\htdocs\proyecto-lap\vendor\codeigniter4\framework\system\Database\BaseConnection.php(691): CodeIgniter\Database\MySQLi\Connection->execute('INSERT INTO `pr...')
#2 C:\xampp\htdocs\proyecto-lap\vendor\codeigniter4\framework\system\Database\BaseConnection.php(605): CodeIgniter\Database\BaseConnection->simpleQuery('INSERT INTO `pr...')
#3 C:\xampp\htdocs\proyecto-lap\vendor\codeigniter4\framework\system\Database\BaseBuilder.php(2309): CodeIgniter\Database\BaseConnection->query('INSERT INTO `pr...', Array, false)
#4 C:\xampp\htdocs\proyecto-lap\vendor\codeigniter4\framework\system\Model.php(330): CodeIgniter\Database\BaseBuilder->insert()
#5 C:\xampp\htdocs\proyecto-lap\vendor\codeigniter4\framework\system\BaseModel.php(782): CodeIgniter\Model->doInsert(Array)
#6 C:\xampp\htdocs\proyecto-lap\vendor\codeigniter4\framework\system\Model.php(730): CodeIgniter\BaseModel->insert(Array, true)
#7 C:\xampp\htdocs\proyecto-lap\app\Controllers\Prestamos.php(44): CodeIgniter\Model->insert(Array)
#8 C:\xampp\htdocs\proyecto-lap\vendor\codeigniter4\framework\system\CodeIgniter.php(934): App\Controllers\Prestamos->alta_prestamo()
#9 C:\xampp\htdocs\proyecto-lap\vendor\codeigniter4\framework\system\CodeIgniter.php(499): CodeIgniter\CodeIgniter->runController(Object(App\Controllers\Prestamos))
#10 C:\xampp\htdocs\proyecto-lap\vendor\codeigniter4\framework\system\CodeIgniter.php(368): CodeIgniter\CodeIgniter->handleRequest(NULL, Object(Config\Cache), false)
#11 C:\xampp\htdocs\proyecto-lap\public\index.php(67): CodeIgniter\CodeIgniter->run()
#12 {main}
CRITICAL - 2023-04-28 01:24:52 --> Cannot add or update a child row: a foreign key constraint fails (`proyecto_laboratorios`.`prestamo`, CONSTRAINT `prestamo_ibfk_3` FOREIGN KEY (`id_equipo`) REFERENCES `equipo` (`id_equipo`) ON DELETE NO ACTION)
in SYSTEMPATH\Database\MySQLi\Connection.php on line 295.
 1 SYSTEMPATH\Database\MySQLi\Connection.php(295): mysqli->query('INSERT INTO `prestamo` (`fecha_prestamo`, `hora_fin_prestamo`, `observacion_prestamo`, `id_laboratorio`, `id_usuario`, `id_equipo`) VALUES (NULL, \'04:05\', \'45\', \'4\', \'4\', \'\')', 0)
 2 SYSTEMPATH\Database\BaseConnection.php(691): CodeIgniter\Database\MySQLi\Connection->execute('INSERT INTO `prestamo` (`fecha_prestamo`, `hora_fin_prestamo`, `observacion_prestamo`, `id_laboratorio`, `id_usuario`, `id_equipo`) VALUES (NULL, \'04:05\', \'45\', \'4\', \'4\', \'\')')
 3 SYSTEMPATH\Database\BaseConnection.php(605): CodeIgniter\Database\BaseConnection->simpleQuery('INSERT INTO `prestamo` (`fecha_prestamo`, `hora_fin_prestamo`, `observacion_prestamo`, `id_laboratorio`, `id_usuario`, `id_equipo`) VALUES (NULL, \'04:05\', \'45\', \'4\', \'4\', \'\')')
 4 SYSTEMPATH\Database\BaseBuilder.php(2309): CodeIgniter\Database\BaseConnection->query('INSERT INTO `prestamo` (`fecha_prestamo`, `hora_fin_prestamo`, `observacion_prestamo`, `id_laboratorio`, `id_usuario`, `id_equipo`) VALUES (:fecha_prestamo:, :hora_fin_prestamo:, :observacion_prestamo:, :id_laboratorio:, :id_usuario:, :id_equipo:)', [...], false)
 5 SYSTEMPATH\Model.php(330): CodeIgniter\Database\BaseBuilder->insert()
 6 SYSTEMPATH\BaseModel.php(782): CodeIgniter\Model->doInsert([...])
 7 SYSTEMPATH\Model.php(730): CodeIgniter\BaseModel->insert([...], true)
 8 APPPATH\Controllers\Prestamos.php(44): CodeIgniter\Model->insert([...])
 9 SYSTEMPATH\CodeIgniter.php(934): App\Controllers\Prestamos->alta_prestamo()
10 SYSTEMPATH\CodeIgniter.php(499): CodeIgniter\CodeIgniter->runController(Object(App\Controllers\Prestamos))
11 SYSTEMPATH\CodeIgniter.php(368): CodeIgniter\CodeIgniter->handleRequest(null, Object(Config\Cache), false)
12 FCPATH\index.php(67): CodeIgniter\CodeIgniter->run()
ERROR - 2023-04-28 01:25:33 --> mysqli_sql_exception: Cannot add or update a child row: a foreign key constraint fails (`proyecto_laboratorios`.`prestamo`, CONSTRAINT `prestamo_ibfk_3` FOREIGN KEY (`id_equipo`) REFERENCES `equipo` (`id_equipo`) ON DELETE NO ACTION) in C:\xampp\htdocs\proyecto-lap\vendor\codeigniter4\framework\system\Database\MySQLi\Connection.php:295
Stack trace:
#0 C:\xampp\htdocs\proyecto-lap\vendor\codeigniter4\framework\system\Database\MySQLi\Connection.php(295): mysqli->query('INSERT INTO `pr...', 0)
#1 C:\xampp\htdocs\proyecto-lap\vendor\codeigniter4\framework\system\Database\BaseConnection.php(691): CodeIgniter\Database\MySQLi\Connection->execute('INSERT INTO `pr...')
#2 C:\xampp\htdocs\proyecto-lap\vendor\codeigniter4\framework\system\Database\BaseConnection.php(605): CodeIgniter\Database\BaseConnection->simpleQuery('INSERT INTO `pr...')
#3 C:\xampp\htdocs\proyecto-lap\vendor\codeigniter4\framework\system\Database\BaseBuilder.php(2309): CodeIgniter\Database\BaseConnection->query('INSERT INTO `pr...', Array, false)
#4 C:\xampp\htdocs\proyecto-lap\vendor\codeigniter4\framework\system\Model.php(330): CodeIgniter\Database\BaseBuilder->insert()
#5 C:\xampp\htdocs\proyecto-lap\vendor\codeigniter4\framework\system\BaseModel.php(782): CodeIgniter\Model->doInsert(Array)
#6 C:\xampp\htdocs\proyecto-lap\vendor\codeigniter4\framework\system\Model.php(730): CodeIgniter\BaseModel->insert(Array, true)
#7 C:\xampp\htdocs\proyecto-lap\app\Controllers\Prestamos.php(44): CodeIgniter\Model->insert(Array)
#8 C:\xampp\htdocs\proyecto-lap\vendor\codeigniter4\framework\system\CodeIgniter.php(934): App\Controllers\Prestamos->alta_prestamo()
#9 C:\xampp\htdocs\proyecto-lap\vendor\codeigniter4\framework\system\CodeIgniter.php(499): CodeIgniter\CodeIgniter->runController(Object(App\Controllers\Prestamos))
#10 C:\xampp\htdocs\proyecto-lap\vendor\codeigniter4\framework\system\CodeIgniter.php(368): CodeIgniter\CodeIgniter->handleRequest(NULL, Object(Config\Cache), false)
#11 C:\xampp\htdocs\proyecto-lap\public\index.php(67): CodeIgniter\CodeIgniter->run()
#12 {main}
CRITICAL - 2023-04-28 01:25:33 --> Cannot add or update a child row: a foreign key constraint fails (`proyecto_laboratorios`.`prestamo`, CONSTRAINT `prestamo_ibfk_3` FOREIGN KEY (`id_equipo`) REFERENCES `equipo` (`id_equipo`) ON DELETE NO ACTION)
in SYSTEMPATH\Database\MySQLi\Connection.php on line 295.
 1 SYSTEMPATH\Database\MySQLi\Connection.php(295): mysqli->query('INSERT INTO `prestamo` (`fecha_prestamo`, `hora_fin_prestamo`, `observacion_prestamo`, `id_laboratorio`, `id_usuario`, `id_equipo`) VALUES (NULL, \'04:05\', \'45\', \'4\', \'4\', \'\')', 0)
 2 SYSTEMPATH\Database\BaseConnection.php(691): CodeIgniter\Database\MySQLi\Connection->execute('INSERT INTO `prestamo` (`fecha_prestamo`, `hora_fin_prestamo`, `observacion_prestamo`, `id_laboratorio`, `id_usuario`, `id_equipo`) VALUES (NULL, \'04:05\', \'45\', \'4\', \'4\', \'\')')
 3 SYSTEMPATH\Database\BaseConnection.php(605): CodeIgniter\Database\BaseConnection->simpleQuery('INSERT INTO `prestamo` (`fecha_prestamo`, `hora_fin_prestamo`, `observacion_prestamo`, `id_laboratorio`, `id_usuario`, `id_equipo`) VALUES (NULL, \'04:05\', \'45\', \'4\', \'4\', \'\')')
 4 SYSTEMPATH\Database\BaseBuilder.php(2309): CodeIgniter\Database\BaseConnection->query('INSERT INTO `prestamo` (`fecha_prestamo`, `hora_fin_prestamo`, `observacion_prestamo`, `id_laboratorio`, `id_usuario`, `id_equipo`) VALUES (:fecha_prestamo:, :hora_fin_prestamo:, :observacion_prestamo:, :id_laboratorio:, :id_usuario:, :id_equipo:)', [...], false)
 5 SYSTEMPATH\Model.php(330): CodeIgniter\Database\BaseBuilder->insert()
 6 SYSTEMPATH\BaseModel.php(782): CodeIgniter\Model->doInsert([...])
 7 SYSTEMPATH\Model.php(730): CodeIgniter\BaseModel->insert([...], true)
 8 APPPATH\Controllers\Prestamos.php(44): CodeIgniter\Model->insert([...])
 9 SYSTEMPATH\CodeIgniter.php(934): App\Controllers\Prestamos->alta_prestamo()
10 SYSTEMPATH\CodeIgniter.php(499): CodeIgniter\CodeIgniter->runController(Object(App\Controllers\Prestamos))
11 SYSTEMPATH\CodeIgniter.php(368): CodeIgniter\CodeIgniter->handleRequest(null, Object(Config\Cache), false)
12 FCPATH\index.php(67): CodeIgniter\CodeIgniter->run()
INFO - 2023-04-28 01:25:34 --> Session: Class initialized using 'CodeIgniter\Session\Handlers\FileHandler' driver.
ERROR - 2023-04-28 01:25:40 --> mysqli_sql_exception: Cannot add or update a child row: a foreign key constraint fails (`proyecto_laboratorios`.`prestamo`, CONSTRAINT `prestamo_ibfk_3` FOREIGN KEY (`id_equipo`) REFERENCES `equipo` (`id_equipo`) ON DELETE NO ACTION) in C:\xampp\htdocs\proyecto-lap\vendor\codeigniter4\framework\system\Database\MySQLi\Connection.php:295
Stack trace:
#0 C:\xampp\htdocs\proyecto-lap\vendor\codeigniter4\framework\system\Database\MySQLi\Connection.php(295): mysqli->query('INSERT INTO `pr...', 0)
#1 C:\xampp\htdocs\proyecto-lap\vendor\codeigniter4\framework\system\Database\BaseConnection.php(691): CodeIgniter\Database\MySQLi\Connection->execute('INSERT INTO `pr...')
#2 C:\xampp\htdocs\proyecto-lap\vendor\codeigniter4\framework\system\Database\BaseConnection.php(605): CodeIgniter\Database\BaseConnection->simpleQuery('INSERT INTO `pr...')
#3 C:\xampp\htdocs\proyecto-lap\vendor\codeigniter4\framework\system\Database\BaseBuilder.php(2309): CodeIgniter\Database\BaseConnection->query('INSERT INTO `pr...', Array, false)
#4 C:\xampp\htdocs\proyecto-lap\vendor\codeigniter4\framework\system\Model.php(330): CodeIgniter\Database\BaseBuilder->insert()
#5 C:\xampp\htdocs\proyecto-lap\vendor\codeigniter4\framework\system\BaseModel.php(782): CodeIgniter\Model->doInsert(Array)
#6 C:\xampp\htdocs\proyecto-lap\vendor\codeigniter4\framework\system\Model.php(730): CodeIgniter\BaseModel->insert(Array, true)
#7 C:\xampp\htdocs\proyecto-lap\app\Controllers\Prestamos.php(44): CodeIgniter\Model->insert(Array)
#8 C:\xampp\htdocs\proyecto-lap\vendor\codeigniter4\framework\system\CodeIgniter.php(934): App\Controllers\Prestamos->alta_prestamo()
#9 C:\xampp\htdocs\proyecto-lap\vendor\codeigniter4\framework\system\CodeIgniter.php(499): CodeIgniter\CodeIgniter->runController(Object(App\Controllers\Prestamos))
#10 C:\xampp\htdocs\proyecto-lap\vendor\codeigniter4\framework\system\CodeIgniter.php(368): CodeIgniter\CodeIgniter->handleRequest(NULL, Object(Config\Cache), false)
#11 C:\xampp\htdocs\proyecto-lap\public\index.php(67): CodeIgniter\CodeIgniter->run()
#12 {main}
CRITICAL - 2023-04-28 01:25:40 --> Cannot add or update a child row: a foreign key constraint fails (`proyecto_laboratorios`.`prestamo`, CONSTRAINT `prestamo_ibfk_3` FOREIGN KEY (`id_equipo`) REFERENCES `equipo` (`id_equipo`) ON DELETE NO ACTION)
in SYSTEMPATH\Database\MySQLi\Connection.php on line 295.
 1 SYSTEMPATH\Database\MySQLi\Connection.php(295): mysqli->query('INSERT INTO `prestamo` (`fecha_prestamo`, `hora_fin_prestamo`, `observacion_prestamo`, `id_laboratorio`, `id_usuario`, `id_equipo`) VALUES (NULL, \'07:47\', \'4\', \'1\', \'2\', \'\')', 0)
 2 SYSTEMPATH\Database\BaseConnection.php(691): CodeIgniter\Database\MySQLi\Connection->execute('INSERT INTO `prestamo` (`fecha_prestamo`, `hora_fin_prestamo`, `observacion_prestamo`, `id_laboratorio`, `id_usuario`, `id_equipo`) VALUES (NULL, \'07:47\', \'4\', \'1\', \'2\', \'\')')
 3 SYSTEMPATH\Database\BaseConnection.php(605): CodeIgniter\Database\BaseConnection->simpleQuery('INSERT INTO `prestamo` (`fecha_prestamo`, `hora_fin_prestamo`, `observacion_prestamo`, `id_laboratorio`, `id_usuario`, `id_equipo`) VALUES (NULL, \'07:47\', \'4\', \'1\', \'2\', \'\')')
 4 SYSTEMPATH\Database\BaseBuilder.php(2309): CodeIgniter\Database\BaseConnection->query('INSERT INTO `prestamo` (`fecha_prestamo`, `hora_fin_prestamo`, `observacion_prestamo`, `id_laboratorio`, `id_usuario`, `id_equipo`) VALUES (:fecha_prestamo:, :hora_fin_prestamo:, :observacion_prestamo:, :id_laboratorio:, :id_usuario:, :id_equipo:)', [...], false)
 5 SYSTEMPATH\Model.php(330): CodeIgniter\Database\BaseBuilder->insert()
 6 SYSTEMPATH\BaseModel.php(782): CodeIgniter\Model->doInsert([...])
 7 SYSTEMPATH\Model.php(730): CodeIgniter\BaseModel->insert([...], true)
 8 APPPATH\Controllers\Prestamos.php(44): CodeIgniter\Model->insert([...])
 9 SYSTEMPATH\CodeIgniter.php(934): App\Controllers\Prestamos->alta_prestamo()
10 SYSTEMPATH\CodeIgniter.php(499): CodeIgniter\CodeIgniter->runController(Object(App\Controllers\Prestamos))
11 SYSTEMPATH\CodeIgniter.php(368): CodeIgniter\CodeIgniter->handleRequest(null, Object(Config\Cache), false)
12 FCPATH\index.php(67): CodeIgniter\CodeIgniter->run()
INFO - 2023-04-28 01:25:44 --> Session: Class initialized using 'CodeIgniter\Session\Handlers\FileHandler' driver.
INFO - 2023-04-28 01:26:27 --> Session: Class initialized using 'CodeIgniter\Session\Handlers\FileHandler' driver.
INFO - 2023-04-28 01:26:30 --> Session: Class initialized using 'CodeIgniter\Session\Handlers\FileHandler' driver.
INFO - 2023-04-28 01:26:54 --> Session: Class initialized using 'CodeIgniter\Session\Handlers\FileHandler' driver.
INFO - 2023-04-28 01:26:57 --> Session: Class initialized using 'CodeIgniter\Session\Handlers\FileHandler' driver.
INFO - 2023-04-28 01:26:59 --> Session: Class initialized using 'CodeIgniter\Session\Handlers\FileHandler' driver.
INFO - 2023-04-28 04:18:16 --> Session: Class initialized using 'CodeIgniter\Session\Handlers\FileHandler' driver.
CRITICAL - 2023-04-28 04:19:02 --> count(): Argument #1 ($value) must be of type Countable|array, null given
in APPPATH\Controllers\Usuarios.php on line 81.
 1 APPPATH\Controllers\Usuarios.php(81): count(null)
 2 SYSTEMPATH\CodeIgniter.php(934): App\Controllers\Usuarios->login()
 3 SYSTEMPATH\CodeIgniter.php(499): CodeIgniter\CodeIgniter->runController(Object(App\Controllers\Usuarios))
 4 SYSTEMPATH\CodeIgniter.php(368): CodeIgniter\CodeIgniter->handleRequest(null, Object(Config\Cache), false)
 5 FCPATH\index.php(67): CodeIgniter\CodeIgniter->run()
CRITICAL - 2023-04-28 04:19:40 --> count(): Argument #1 ($value) must be of type Countable|array, null given
in APPPATH\Controllers\Usuarios.php on line 81.
 1 APPPATH\Controllers\Usuarios.php(81): count(null)
 2 SYSTEMPATH\CodeIgniter.php(934): App\Controllers\Usuarios->login()
 3 SYSTEMPATH\CodeIgniter.php(499): CodeIgniter\CodeIgniter->runController(Object(App\Controllers\Usuarios))
 4 SYSTEMPATH\CodeIgniter.php(368): CodeIgniter\CodeIgniter->handleRequest(null, Object(Config\Cache), false)
 5 FCPATH\index.php(67): CodeIgniter\CodeIgniter->run()
INFO - 2023-04-28 04:30:47 --> Session: Class initialized using 'CodeIgniter\Session\Handlers\FileHandler' driver.
INFO - 2023-04-28 04:32:20 --> Session: Class initialized using 'CodeIgniter\Session\Handlers\FileHandler' driver.
INFO - 2023-04-28 04:32:29 --> Session: Class initialized using 'CodeIgniter\Session\Handlers\FileHandler' driver.
CRITICAL - 2023-04-28 04:34:37 --> base_url(): Argument #2 ($scheme) must be of type ?string, array given, called in C:\xampp\htdocs\proyecto-lap\app\Controllers\Usuarios.php on line 85
in SYSTEMPATH\Helpers\url_helper.php on line 145.
 1 APPPATH\Controllers\Usuarios.php(85): base_url('usuarios', [...])
 2 SYSTEMPATH\CodeIgniter.php(934): App\Controllers\Usuarios->login()
 3 SYSTEMPATH\CodeIgniter.php(499): CodeIgniter\CodeIgniter->runController(Object(App\Controllers\Usuarios))
 4 SYSTEMPATH\CodeIgniter.php(368): CodeIgniter\CodeIgniter->handleRequest(null, Object(Config\Cache), false)
 5 FCPATH\index.php(67): CodeIgniter\CodeIgniter->run()
INFO - 2023-04-28 04:35:01 --> Session: Class initialized using 'CodeIgniter\Session\Handlers\FileHandler' driver.
CRITICAL - 2023-04-28 04:37:26 --> Undefined array key "password_usuario"
in APPPATH\Controllers\Usuarios.php on line 83.
 1 APPPATH\Controllers\Usuarios.php(83): CodeIgniter\Debug\Exceptions->errorHandler(2, 'Undefined array key "password_usuario"', 'C:\\xampp\\htdocs\\proyecto-lap\\app\\Controllers\\Usuarios.php', 83)
 2 SYSTEMPATH\CodeIgniter.php(934): App\Controllers\Usuarios->login()
 3 SYSTEMPATH\CodeIgniter.php(499): CodeIgniter\CodeIgniter->runController(Object(App\Controllers\Usuarios))
 4 SYSTEMPATH\CodeIgniter.php(368): CodeIgniter\CodeIgniter->handleRequest(null, Object(Config\Cache), false)
 5 FCPATH\index.php(67): CodeIgniter\CodeIgniter->run()
INFO - 2023-04-28 04:38:07 --> Session: Class initialized using 'CodeIgniter\Session\Handlers\FileHandler' driver.
INFO - 2023-04-28 04:38:26 --> Session: Class initialized using 'CodeIgniter\Session\Handlers\FileHandler' driver.
CRITICAL - 2023-04-28 04:38:33 --> base_url(): Argument #2 ($scheme) must be of type ?string, array given, called in C:\xampp\htdocs\proyecto-lap\app\Controllers\Usuarios.php on line 85
in SYSTEMPATH\Helpers\url_helper.php on line 145.
 1 APPPATH\Controllers\Usuarios.php(85): base_url('usuarios', [...])
 2 SYSTEMPATH\CodeIgniter.php(934): App\Controllers\Usuarios->login()
 3 SYSTEMPATH\CodeIgniter.php(499): CodeIgniter\CodeIgniter->runController(Object(App\Controllers\Usuarios))
 4 SYSTEMPATH\CodeIgniter.php(368): CodeIgniter\CodeIgniter->handleRequest(null, Object(Config\Cache), false)
 5 FCPATH\index.php(67): CodeIgniter\CodeIgniter->run()
INFO - 2023-04-28 04:38:46 --> Session: Class initialized using 'CodeIgniter\Session\Handlers\FileHandler' driver.
CRITICAL - 2023-04-28 04:38:57 --> base_url(): Argument #2 ($scheme) must be of type ?string, array given, called in C:\xampp\htdocs\proyecto-lap\app\Controllers\Usuarios.php on line 87
in SYSTEMPATH\Helpers\url_helper.php on line 145.
 1 APPPATH\Controllers\Usuarios.php(87): base_url('alumno', [...])
 2 SYSTEMPATH\CodeIgniter.php(934): App\Controllers\Usuarios->login()
 3 SYSTEMPATH\CodeIgniter.php(499): CodeIgniter\CodeIgniter->runController(Object(App\Controllers\Usuarios))
 4 SYSTEMPATH\CodeIgniter.php(368): CodeIgniter\CodeIgniter->handleRequest(null, Object(Config\Cache), false)
 5 FCPATH\index.php(67): CodeIgniter\CodeIgniter->run()
CRITICAL - 2023-04-28 04:40:55 --> Cannot access offset of type string on string
in APPPATH\Views\alumno.php on line 126.
 1 SYSTEMPATH\View\View.php(213): include()
 2 SYSTEMPATH\View\View.php(216): CodeIgniter\View\View->CodeIgniter\View\{closure}()
 3 SYSTEMPATH\Common.php(1184): CodeIgniter\View\View->render('alumno', [], true)
 4 APPPATH\Controllers\Usuarios.php(87): view('alumno', [...])
 5 SYSTEMPATH\CodeIgniter.php(934): App\Controllers\Usuarios->login()
 6 SYSTEMPATH\CodeIgniter.php(499): CodeIgniter\CodeIgniter->runController(Object(App\Controllers\Usuarios))
 7 SYSTEMPATH\CodeIgniter.php(368): CodeIgniter\CodeIgniter->handleRequest(null, Object(Config\Cache), false)
 8 FCPATH\index.php(67): CodeIgniter\CodeIgniter->run()
INFO - 2023-04-28 04:41:03 --> Session: Class initialized using 'CodeIgniter\Session\Handlers\FileHandler' driver.
CRITICAL - 2023-04-28 04:41:17 --> Cannot access offset of type string on string
in APPPATH\Views\alumno.php on line 126.
 1 SYSTEMPATH\View\View.php(213): include()
 2 SYSTEMPATH\View\View.php(216): CodeIgniter\View\View->CodeIgniter\View\{closure}()
 3 SYSTEMPATH\Common.php(1184): CodeIgniter\View\View->render('alumno', [], true)
 4 APPPATH\Controllers\Usuarios.php(87): view('alumno', [...])
 5 SYSTEMPATH\CodeIgniter.php(934): App\Controllers\Usuarios->login()
 6 SYSTEMPATH\CodeIgniter.php(499): CodeIgniter\CodeIgniter->runController(Object(App\Controllers\Usuarios))
 7 SYSTEMPATH\CodeIgniter.php(368): CodeIgniter\CodeIgniter->handleRequest(null, Object(Config\Cache), false)
 8 FCPATH\index.php(67): CodeIgniter\CodeIgniter->run()
INFO - 2023-04-28 04:52:11 --> Session: Class initialized using 'CodeIgniter\Session\Handlers\FileHandler' driver.
CRITICAL - 2023-04-28 04:54:31 --> Undefined variable $user
in APPPATH\Views\usuarios.php on line 135.
 1 APPPATH\Views\usuarios.php(135): CodeIgniter\Debug\Exceptions->errorHandler(2, 'Undefined variable $user', 'C:\\xampp\\htdocs\\proyecto-lap\\app\\Views\\usuarios.php', 135)
 2 SYSTEMPATH\View\View.php(213): include('C:\\xampp\\htdocs\\proyecto-lap\\app\\Views\\usuarios.php')
 3 SYSTEMPATH\View\View.php(216): CodeIgniter\View\View->CodeIgniter\View\{closure}()
 4 SYSTEMPATH\Common.php(1184): CodeIgniter\View\View->render('usuarios', [], true)
 5 APPPATH\Controllers\Usuarios.php(16): view('usuarios', [...])
 6 SYSTEMPATH\CodeIgniter.php(934): App\Controllers\Usuarios->index()
 7 SYSTEMPATH\CodeIgniter.php(499): CodeIgniter\CodeIgniter->runController(Object(App\Controllers\Usuarios))
 8 SYSTEMPATH\CodeIgniter.php(368): CodeIgniter\CodeIgniter->handleRequest(null, Object(Config\Cache), false)
 9 FCPATH\index.php(67): CodeIgniter\CodeIgniter->run()
INFO - 2023-04-28 04:55:04 --> Session: Class initialized using 'CodeIgniter\Session\Handlers\FileHandler' driver.
CRITICAL - 2023-04-28 04:55:04 --> Undefined variable $usuario
in APPPATH\Views\usuarios.php on line 196.
 1 APPPATH\Views\usuarios.php(196): CodeIgniter\Debug\Exceptions->errorHandler(2, 'Undefined variable $usuario', 'C:\\xampp\\htdocs\\proyecto-lap\\app\\Views\\usuarios.php', 196)
 2 SYSTEMPATH\View\View.php(213): include('C:\\xampp\\htdocs\\proyecto-lap\\app\\Views\\usuarios.php')
 3 SYSTEMPATH\View\View.php(216): CodeIgniter\View\View->CodeIgniter\View\{closure}()
 4 SYSTEMPATH\Common.php(1184): CodeIgniter\View\View->render('usuarios', [], true)
 5 APPPATH\Controllers\Usuarios.php(85): view('usuarios', [...])
 6 SYSTEMPATH\CodeIgniter.php(934): App\Controllers\Usuarios->login()
 7 SYSTEMPATH\CodeIgniter.php(499): CodeIgniter\CodeIgniter->runController(Object(App\Controllers\Usuarios))
 8 SYSTEMPATH\CodeIgniter.php(368): CodeIgniter\CodeIgniter->handleRequest(null, Object(Config\Cache), false)
 9 FCPATH\index.php(67): CodeIgniter\CodeIgniter->run()
CRITICAL - 2023-04-28 04:57:09 --> Invalid file: "index.php"
in SYSTEMPATH\Exceptions\FrameworkException.php on line 33.
 1 SYSTEMPATH\View\View.php(201): CodeIgniter\Exceptions\FrameworkException::forInvalidFile('index.php')
 2 SYSTEMPATH\Common.php(1184): CodeIgniter\View\View->render('index', [], true)
 3 APPPATH\Controllers\Usuarios.php(85): view('index', [...])
 4 SYSTEMPATH\CodeIgniter.php(934): App\Controllers\Usuarios->login()
 5 SYSTEMPATH\CodeIgniter.php(499): CodeIgniter\CodeIgniter->runController(Object(App\Controllers\Usuarios))
 6 SYSTEMPATH\CodeIgniter.php(368): CodeIgniter\CodeIgniter->handleRequest(null, Object(Config\Cache), false)
 7 FCPATH\index.php(67): CodeIgniter\CodeIgniter->run()
INFO - 2023-04-28 04:58:44 --> Session: Class initialized using 'CodeIgniter\Session\Handlers\FileHandler' driver.
CRITICAL - 2023-04-28 04:58:44 --> Undefined variable $usuario
in APPPATH\Views\usuarios.php on line 196.
 1 APPPATH\Views\usuarios.php(196): CodeIgniter\Debug\Exceptions->errorHandler(2, 'Undefined variable $usuario', 'C:\\xampp\\htdocs\\proyecto-lap\\app\\Views\\usuarios.php', 196)
 2 SYSTEMPATH\View\View.php(213): include('C:\\xampp\\htdocs\\proyecto-lap\\app\\Views\\usuarios.php')
 3 SYSTEMPATH\View\View.php(216): CodeIgniter\View\View->CodeIgniter\View\{closure}()
 4 SYSTEMPATH\Common.php(1184): CodeIgniter\View\View->render('usuarios', [], true)
 5 APPPATH\Controllers\Usuarios.php(85): view('usuarios', [...])
 6 SYSTEMPATH\CodeIgniter.php(934): App\Controllers\Usuarios->login()
 7 SYSTEMPATH\CodeIgniter.php(499): CodeIgniter\CodeIgniter->runController(Object(App\Controllers\Usuarios))
 8 SYSTEMPATH\CodeIgniter.php(368): CodeIgniter\CodeIgniter->handleRequest(null, Object(Config\Cache), false)
 9 FCPATH\index.php(67): CodeIgniter\CodeIgniter->run()
INFO - 2023-04-28 04:59:10 --> Session: Class initialized using 'CodeIgniter\Session\Handlers\FileHandler' driver.
CRITICAL - 2023-04-28 04:59:10 --> Undefined variable $usuario
in APPPATH\Views\usuarios.php on line 196.
 1 APPPATH\Views\usuarios.php(196): CodeIgniter\Debug\Exceptions->errorHandler(2, 'Undefined variable $usuario', 'C:\\xampp\\htdocs\\proyecto-lap\\app\\Views\\usuarios.php', 196)
 2 SYSTEMPATH\View\View.php(213): include('C:\\xampp\\htdocs\\proyecto-lap\\app\\Views\\usuarios.php')
 3 SYSTEMPATH\View\View.php(216): CodeIgniter\View\View->CodeIgniter\View\{closure}()
 4 SYSTEMPATH\Common.php(1184): CodeIgniter\View\View->render('usuarios', [], true)
 5 APPPATH\Controllers\Usuarios.php(85): view('usuarios')
 6 SYSTEMPATH\CodeIgniter.php(934): App\Controllers\Usuarios->login()
 7 SYSTEMPATH\CodeIgniter.php(499): CodeIgniter\CodeIgniter->runController(Object(App\Controllers\Usuarios))
 8 SYSTEMPATH\CodeIgniter.php(368): CodeIgniter\CodeIgniter->handleRequest(null, Object(Config\Cache), false)
 9 FCPATH\index.php(67): CodeIgniter\CodeIgniter->run()
INFO - 2023-04-28 04:59:19 --> Session: Class initialized using 'CodeIgniter\Session\Handlers\FileHandler' driver.
CRITICAL - 2023-04-28 04:59:19 --> Undefined variable $usuario
in APPPATH\Views\usuarios.php on line 196.
 1 APPPATH\Views\usuarios.php(196): CodeIgniter\Debug\Exceptions->errorHandler(2, 'Undefined variable $usuario', 'C:\\xampp\\htdocs\\proyecto-lap\\app\\Views\\usuarios.php', 196)
 2 SYSTEMPATH\View\View.php(213): include('C:\\xampp\\htdocs\\proyecto-lap\\app\\Views\\usuarios.php')
 3 SYSTEMPATH\View\View.php(216): CodeIgniter\View\View->CodeIgniter\View\{closure}()
 4 SYSTEMPATH\Common.php(1184): CodeIgniter\View\View->render('usuarios', [], true)
 5 APPPATH\Controllers\Usuarios.php(85): view('usuarios')
 6 SYSTEMPATH\CodeIgniter.php(934): App\Controllers\Usuarios->login()
 7 SYSTEMPATH\CodeIgniter.php(499): CodeIgniter\CodeIgniter->runController(Object(App\Controllers\Usuarios))
 8 SYSTEMPATH\CodeIgniter.php(368): CodeIgniter\CodeIgniter->handleRequest(null, Object(Config\Cache), false)
 9 FCPATH\index.php(67): CodeIgniter\CodeIgniter->run()
INFO - 2023-04-28 04:59:40 --> Session: Class initialized using 'CodeIgniter\Session\Handlers\FileHandler' driver.
INFO - 2023-04-28 05:08:13 --> Session: Class initialized using 'CodeIgniter\Session\Handlers\FileHandler' driver.
INFO - 2023-04-28 05:17:39 --> Session: Class initialized using 'CodeIgniter\Session\Handlers\FileHandler' driver.
INFO - 2023-04-28 05:17:47 --> Session: Class initialized using 'CodeIgniter\Session\Handlers\FileHandler' driver.
INFO - 2023-04-28 05:18:11 --> Session: Class initialized using 'CodeIgniter\Session\Handlers\FileHandler' driver.
INFO - 2023-04-28 05:18:28 --> Session: Class initialized using 'CodeIgniter\Session\Handlers\FileHandler' driver.
INFO - 2023-04-28 05:19:27 --> Session: Class initialized using 'CodeIgniter\Session\Handlers\FileHandler' driver.
INFO - 2023-04-28 05:19:29 --> Session: Class initialized using 'CodeIgniter\Session\Handlers\FileHandler' driver.
INFO - 2023-04-28 05:20:29 --> Session: Class initialized using 'CodeIgniter\Session\Handlers\FileHandler' driver.
INFO - 2023-04-28 05:20:29 --> Session: Class initialized using 'CodeIgniter\Session\Handlers\FileHandler' driver.
INFO - 2023-04-28 05:46:44 --> Session: Class initialized using 'CodeIgniter\Session\Handlers\FileHandler' driver.
INFO - 2023-04-28 05:47:57 --> Session: Class initialized using 'CodeIgniter\Session\Handlers\FileHandler' driver.
INFO - 2023-04-28 05:48:47 --> Session: Class initialized using 'CodeIgniter\Session\Handlers\FileHandler' driver.
INFO - 2023-04-28 05:49:30 --> Session: Class initialized using 'CodeIgniter\Session\Handlers\FileHandler' driver.
