CRITICAL - 2023-04-04 16:47:02 --> Too few arguments to function App\Controllers\Usuarios::eliminar(), 0 passed in C:\xampp\htdocs\proyecto-lap\vendor\codeigniter4\framework\system\CodeIgniter.php on line 934 and exactly 1 expected
in APPPATH\Controllers\Usuarios.php on line 34.
 1 SYSTEMPATH\CodeIgniter.php(934): App\Controllers\Usuarios->eliminar()
 2 SYSTEMPATH\CodeIgniter.php(499): CodeIgniter\CodeIgniter->runController(Object(App\Controllers\Usuarios))
 3 SYSTEMPATH\CodeIgniter.php(368): CodeIgniter\CodeIgniter->handleRequest(null, Object(Config\Cache), false)
 4 FCPATH\index.php(67): CodeIgniter\CodeIgniter->run()
CRITICAL - 2023-04-04 16:55:03 --> Undefined variable $variable1
in APPPATH\Views\usuarios.php on line 192.
 1 APPPATH\Views\usuarios.php(192): CodeIgniter\Debug\Exceptions->errorHandler(2, 'Undefined variable $variable1', 'C:\\xampp\\htdocs\\proyecto-lap\\app\\Views\\usuarios.php', 192)
 2 SYSTEMPATH\View\View.php(213): include('C:\\xampp\\htdocs\\proyecto-lap\\app\\Views\\usuarios.php')
 3 SYSTEMPATH\View\View.php(216): CodeIgniter\View\View->CodeIgniter\View\{closure}()
 4 SYSTEMPATH\Common.php(1184): CodeIgniter\View\View->render('usuarios', [], true)
 5 APPPATH\Controllers\Usuarios.php(10): view('usuarios', [...])
 6 SYSTEMPATH\CodeIgniter.php(934): App\Controllers\Usuarios->index()
 7 SYSTEMPATH\CodeIgniter.php(499): CodeIgniter\CodeIgniter->runController(Object(App\Controllers\Usuarios))
 8 SYSTEMPATH\CodeIgniter.php(368): CodeIgniter\CodeIgniter->handleRequest(null, Object(Config\Cache), false)
 9 FCPATH\index.php(67): CodeIgniter\CodeIgniter->run()
CRITICAL - 2023-04-04 16:55:04 --> Undefined variable $variable1
in APPPATH\Views\usuarios.php on line 192.
 1 APPPATH\Views\usuarios.php(192): CodeIgniter\Debug\Exceptions->errorHandler(2, 'Undefined variable $variable1', 'C:\\xampp\\htdocs\\proyecto-lap\\app\\Views\\usuarios.php', 192)
 2 SYSTEMPATH\View\View.php(213): include('C:\\xampp\\htdocs\\proyecto-lap\\app\\Views\\usuarios.php')
 3 SYSTEMPATH\View\View.php(216): CodeIgniter\View\View->CodeIgniter\View\{closure}()
 4 SYSTEMPATH\Common.php(1184): CodeIgniter\View\View->render('usuarios', [], true)
 5 APPPATH\Controllers\Usuarios.php(10): view('usuarios', [...])
 6 SYSTEMPATH\CodeIgniter.php(934): App\Controllers\Usuarios->index()
 7 SYSTEMPATH\CodeIgniter.php(499): CodeIgniter\CodeIgniter->runController(Object(App\Controllers\Usuarios))
 8 SYSTEMPATH\CodeIgniter.php(368): CodeIgniter\CodeIgniter->handleRequest(null, Object(Config\Cache), false)
 9 FCPATH\index.php(67): CodeIgniter\CodeIgniter->run()
CRITICAL - 2023-04-04 16:56:29 --> Undefined variable $matri
in APPPATH\Views\usuarios.php on line 191.
 1 APPPATH\Views\usuarios.php(191): CodeIgniter\Debug\Exceptions->errorHandler(2, 'Undefined variable $matri', 'C:\\xampp\\htdocs\\proyecto-lap\\app\\Views\\usuarios.php', 191)
 2 SYSTEMPATH\View\View.php(213): include('C:\\xampp\\htdocs\\proyecto-lap\\app\\Views\\usuarios.php')
 3 SYSTEMPATH\View\View.php(216): CodeIgniter\View\View->CodeIgniter\View\{closure}()
 4 SYSTEMPATH\Common.php(1184): CodeIgniter\View\View->render('usuarios', [], true)
 5 APPPATH\Controllers\Usuarios.php(10): view('usuarios', [...])
 6 SYSTEMPATH\CodeIgniter.php(934): App\Controllers\Usuarios->index()
 7 SYSTEMPATH\CodeIgniter.php(499): CodeIgniter\CodeIgniter->runController(Object(App\Controllers\Usuarios))
 8 SYSTEMPATH\CodeIgniter.php(368): CodeIgniter\CodeIgniter->handleRequest(null, Object(Config\Cache), false)
 9 FCPATH\index.php(67): CodeIgniter\CodeIgniter->run()
CRITICAL - 2023-04-04 16:57:25 --> Undefined variable $variable1
in APPPATH\Views\usuarios.php on line 199.
 1 APPPATH\Views\usuarios.php(199): CodeIgniter\Debug\Exceptions->errorHandler(2, 'Undefined variable $variable1', 'C:\\xampp\\htdocs\\proyecto-lap\\app\\Views\\usuarios.php', 199)
 2 SYSTEMPATH\View\View.php(213): include('C:\\xampp\\htdocs\\proyecto-lap\\app\\Views\\usuarios.php')
 3 SYSTEMPATH\View\View.php(216): CodeIgniter\View\View->CodeIgniter\View\{closure}()
 4 SYSTEMPATH\Common.php(1184): CodeIgniter\View\View->render('usuarios', [], true)
 5 APPPATH\Controllers\Usuarios.php(10): view('usuarios', [...])
 6 SYSTEMPATH\CodeIgniter.php(934): App\Controllers\Usuarios->index()
 7 SYSTEMPATH\CodeIgniter.php(499): CodeIgniter\CodeIgniter->runController(Object(App\Controllers\Usuarios))
 8 SYSTEMPATH\CodeIgniter.php(368): CodeIgniter\CodeIgniter->handleRequest(null, Object(Config\Cache), false)
 9 FCPATH\index.php(67): CodeIgniter\CodeIgniter->run()
CRITICAL - 2023-04-04 16:57:29 --> Undefined variable $variable1
in APPPATH\Views\usuarios.php on line 199.
 1 APPPATH\Views\usuarios.php(199): CodeIgniter\Debug\Exceptions->errorHandler(2, 'Undefined variable $variable1', 'C:\\xampp\\htdocs\\proyecto-lap\\app\\Views\\usuarios.php', 199)
 2 SYSTEMPATH\View\View.php(213): include('C:\\xampp\\htdocs\\proyecto-lap\\app\\Views\\usuarios.php')
 3 SYSTEMPATH\View\View.php(216): CodeIgniter\View\View->CodeIgniter\View\{closure}()
 4 SYSTEMPATH\Common.php(1184): CodeIgniter\View\View->render('usuarios', [], true)
 5 APPPATH\Controllers\Usuarios.php(10): view('usuarios', [...])
 6 SYSTEMPATH\CodeIgniter.php(934): App\Controllers\Usuarios->index()
 7 SYSTEMPATH\CodeIgniter.php(499): CodeIgniter\CodeIgniter->runController(Object(App\Controllers\Usuarios))
 8 SYSTEMPATH\CodeIgniter.php(368): CodeIgniter\CodeIgniter->handleRequest(null, Object(Config\Cache), false)
 9 FCPATH\index.php(67): CodeIgniter\CodeIgniter->run()
CRITICAL - 2023-04-04 17:10:16 --> Too few arguments to function App\Controllers\Usuarios::eliminar(), 0 passed in C:\xampp\htdocs\proyecto-lap\vendor\codeigniter4\framework\system\CodeIgniter.php on line 934 and exactly 1 expected
in APPPATH\Controllers\Usuarios.php on line 34.
 1 SYSTEMPATH\CodeIgniter.php(934): App\Controllers\Usuarios->eliminar()
 2 SYSTEMPATH\CodeIgniter.php(499): CodeIgniter\CodeIgniter->runController(Object(App\Controllers\Usuarios))
 3 SYSTEMPATH\CodeIgniter.php(368): CodeIgniter\CodeIgniter->handleRequest(null, Object(Config\Cache), false)
 4 FCPATH\index.php(67): CodeIgniter\CodeIgniter->run()
CRITICAL - 2023-04-04 17:10:39 --> Too few arguments to function App\Controllers\Usuarios::elimina(), 0 passed in C:\xampp\htdocs\proyecto-lap\vendor\codeigniter4\framework\system\CodeIgniter.php on line 934 and exactly 1 expected
in APPPATH\Controllers\Usuarios.php on line 34.
 1 SYSTEMPATH\CodeIgniter.php(934): App\Controllers\Usuarios->elimina()
 2 SYSTEMPATH\CodeIgniter.php(499): CodeIgniter\CodeIgniter->runController(Object(App\Controllers\Usuarios))
 3 SYSTEMPATH\CodeIgniter.php(368): CodeIgniter\CodeIgniter->handleRequest(null, Object(Config\Cache), false)
 4 FCPATH\index.php(67): CodeIgniter\CodeIgniter->run()
CRITICAL - 2023-04-04 17:10:41 --> Too few arguments to function App\Controllers\Usuarios::elimina(), 0 passed in C:\xampp\htdocs\proyecto-lap\vendor\codeigniter4\framework\system\CodeIgniter.php on line 934 and exactly 1 expected
in APPPATH\Controllers\Usuarios.php on line 34.
 1 SYSTEMPATH\CodeIgniter.php(934): App\Controllers\Usuarios->elimina()
 2 SYSTEMPATH\CodeIgniter.php(499): CodeIgniter\CodeIgniter->runController(Object(App\Controllers\Usuarios))
 3 SYSTEMPATH\CodeIgniter.php(368): CodeIgniter\CodeIgniter->handleRequest(null, Object(Config\Cache), false)
 4 FCPATH\index.php(67): CodeIgniter\CodeIgniter->run()
CRITICAL - 2023-04-04 17:30:26 --> Too few arguments to function App\Controllers\Usuarios::elimina(), 0 passed in C:\xampp\htdocs\proyecto-lap\vendor\codeigniter4\framework\system\CodeIgniter.php on line 934 and exactly 1 expected
in APPPATH\Controllers\Usuarios.php on line 34.
 1 SYSTEMPATH\CodeIgniter.php(934): App\Controllers\Usuarios->elimina()
 2 SYSTEMPATH\CodeIgniter.php(499): CodeIgniter\CodeIgniter->runController(Object(App\Controllers\Usuarios))
 3 SYSTEMPATH\CodeIgniter.php(368): CodeIgniter\CodeIgniter->handleRequest(null, Object(Config\Cache), false)
 4 FCPATH\index.php(67): CodeIgniter\CodeIgniter->run()
CRITICAL - 2023-04-04 17:33:56 --> Too few arguments to function App\Controllers\Usuarios::elimina(), 0 passed in C:\xampp\htdocs\proyecto-lap\vendor\codeigniter4\framework\system\CodeIgniter.php on line 934 and exactly 1 expected
in APPPATH\Controllers\Usuarios.php on line 34.
 1 SYSTEMPATH\CodeIgniter.php(934): App\Controllers\Usuarios->elimina()
 2 SYSTEMPATH\CodeIgniter.php(499): CodeIgniter\CodeIgniter->runController(Object(App\Controllers\Usuarios))
 3 SYSTEMPATH\CodeIgniter.php(368): CodeIgniter\CodeIgniter->handleRequest(null, Object(Config\Cache), false)
 4 FCPATH\index.php(67): CodeIgniter\CodeIgniter->run()
CRITICAL - 2023-04-04 18:39:02 --> Trying to access array offset on value of type null
in APPPATH\Controllers\Usuarios.php on line 11.
 1 APPPATH\Controllers\Usuarios.php(11): CodeIgniter\Debug\Exceptions->errorHandler(2, 'Trying to access array offset on value of type null', 'C:\\xampp\\htdocs\\proyecto-lap\\app\\Controllers\\Usuarios.php', 11)
 2 SYSTEMPATH\CodeIgniter.php(934): App\Controllers\Usuarios->index()
 3 SYSTEMPATH\CodeIgniter.php(499): CodeIgniter\CodeIgniter->runController(Object(App\Controllers\Usuarios))
 4 SYSTEMPATH\CodeIgniter.php(368): CodeIgniter\CodeIgniter->handleRequest(null, Object(Config\Cache), false)
 5 FCPATH\index.php(67): CodeIgniter\CodeIgniter->run()
CRITICAL - 2023-04-04 19:15:30 --> Undefined variable $item
in APPPATH\Views\usuarios.php on line 193.
 1 APPPATH\Views\usuarios.php(193): CodeIgniter\Debug\Exceptions->errorHandler(2, 'Undefined variable $item', 'C:\\xampp\\htdocs\\proyecto-lap\\app\\Views\\usuarios.php', 193)
 2 SYSTEMPATH\View\View.php(213): include('C:\\xampp\\htdocs\\proyecto-lap\\app\\Views\\usuarios.php')
 3 SYSTEMPATH\View\View.php(216): CodeIgniter\View\View->CodeIgniter\View\{closure}()
 4 SYSTEMPATH\Common.php(1184): CodeIgniter\View\View->render('usuarios', [], true)
 5 APPPATH\Controllers\Usuarios.php(11): view('usuarios', [...])
 6 SYSTEMPATH\CodeIgniter.php(934): App\Controllers\Usuarios->index()
 7 SYSTEMPATH\CodeIgniter.php(499): CodeIgniter\CodeIgniter->runController(Object(App\Controllers\Usuarios))
 8 SYSTEMPATH\CodeIgniter.php(368): CodeIgniter\CodeIgniter->handleRequest(null, Object(Config\Cache), false)
 9 FCPATH\index.php(67): CodeIgniter\CodeIgniter->run()
CRITICAL - 2023-04-04 19:22:59 --> Undefined array key "id_usuarios"
in APPPATH\Views\usuarios.php on line 193.
 1 APPPATH\Views\usuarios.php(193): CodeIgniter\Debug\Exceptions->errorHandler(2, 'Undefined array key "id_usuarios"', 'C:\\xampp\\htdocs\\proyecto-lap\\app\\Views\\usuarios.php', 193)
 2 SYSTEMPATH\View\View.php(213): include('C:\\xampp\\htdocs\\proyecto-lap\\app\\Views\\usuarios.php')
 3 SYSTEMPATH\View\View.php(216): CodeIgniter\View\View->CodeIgniter\View\{closure}()
 4 SYSTEMPATH\Common.php(1184): CodeIgniter\View\View->render('usuarios', [], true)
 5 APPPATH\Controllers\Usuarios.php(11): view('usuarios', [...])
 6 SYSTEMPATH\CodeIgniter.php(934): App\Controllers\Usuarios->index()
 7 SYSTEMPATH\CodeIgniter.php(499): CodeIgniter\CodeIgniter->runController(Object(App\Controllers\Usuarios))
 8 SYSTEMPATH\CodeIgniter.php(368): CodeIgniter\CodeIgniter->handleRequest(null, Object(Config\Cache), false)
 9 FCPATH\index.php(67): CodeIgniter\CodeIgniter->run()
CRITICAL - 2023-04-04 19:24:04 --> Declaration of App\Models\UserModel::delete($id) must be compatible with CodeIgniter\BaseModel::delete($id = null, bool $purge = false)
in APPPATH\Models\UserModel.php on line 13.
 1 [internal function]: CodeIgniter\Debug\Exceptions->shutdownHandler()
CRITICAL - 2023-04-04 19:25:59 --> Declaration of App\Models\UserModel::delete($id) must be compatible with CodeIgniter\BaseModel::delete($id = null, bool $purge = false)
in APPPATH\Models\UserModel.php on line 13.
 1 [internal function]: CodeIgniter\Debug\Exceptions->shutdownHandler()
CRITICAL - 2023-04-04 19:32:39 --> Undefined variable $fila
in APPPATH\Views\usuarios.php on line 193.
 1 APPPATH\Views\usuarios.php(193): CodeIgniter\Debug\Exceptions->errorHandler(2, 'Undefined variable $fila', 'C:\\xampp\\htdocs\\proyecto-lap\\app\\Views\\usuarios.php', 193)
 2 SYSTEMPATH\View\View.php(213): include('C:\\xampp\\htdocs\\proyecto-lap\\app\\Views\\usuarios.php')
 3 SYSTEMPATH\View\View.php(216): CodeIgniter\View\View->CodeIgniter\View\{closure}()
 4 SYSTEMPATH\Common.php(1184): CodeIgniter\View\View->render('usuarios', [], true)
 5 APPPATH\Controllers\Usuarios.php(11): view('usuarios', [...])
 6 SYSTEMPATH\CodeIgniter.php(934): App\Controllers\Usuarios->index()
 7 SYSTEMPATH\CodeIgniter.php(499): CodeIgniter\CodeIgniter->runController(Object(App\Controllers\Usuarios))
 8 SYSTEMPATH\CodeIgniter.php(368): CodeIgniter\CodeIgniter->handleRequest(null, Object(Config\Cache), false)
 9 FCPATH\index.php(67): CodeIgniter\CodeIgniter->run()
CRITICAL - 2023-04-04 19:32:40 --> Undefined variable $fila
in APPPATH\Views\usuarios.php on line 193.
 1 APPPATH\Views\usuarios.php(193): CodeIgniter\Debug\Exceptions->errorHandler(2, 'Undefined variable $fila', 'C:\\xampp\\htdocs\\proyecto-lap\\app\\Views\\usuarios.php', 193)
 2 SYSTEMPATH\View\View.php(213): include('C:\\xampp\\htdocs\\proyecto-lap\\app\\Views\\usuarios.php')
 3 SYSTEMPATH\View\View.php(216): CodeIgniter\View\View->CodeIgniter\View\{closure}()
 4 SYSTEMPATH\Common.php(1184): CodeIgniter\View\View->render('usuarios', [], true)
 5 APPPATH\Controllers\Usuarios.php(11): view('usuarios', [...])
 6 SYSTEMPATH\CodeIgniter.php(934): App\Controllers\Usuarios->index()
 7 SYSTEMPATH\CodeIgniter.php(499): CodeIgniter\CodeIgniter->runController(Object(App\Controllers\Usuarios))
 8 SYSTEMPATH\CodeIgniter.php(368): CodeIgniter\CodeIgniter->handleRequest(null, Object(Config\Cache), false)
 9 FCPATH\index.php(67): CodeIgniter\CodeIgniter->run()
CRITICAL - 2023-04-04 19:32:48 --> Attempt to read property "id_usuario" on array
in APPPATH\Views\usuarios.php on line 193.
 1 APPPATH\Views\usuarios.php(193): CodeIgniter\Debug\Exceptions->errorHandler(2, 'Attempt to read property "id_usuario" on array', 'C:\\xampp\\htdocs\\proyecto-lap\\app\\Views\\usuarios.php', 193)
 2 SYSTEMPATH\View\View.php(213): include('C:\\xampp\\htdocs\\proyecto-lap\\app\\Views\\usuarios.php')
 3 SYSTEMPATH\View\View.php(216): CodeIgniter\View\View->CodeIgniter\View\{closure}()
 4 SYSTEMPATH\Common.php(1184): CodeIgniter\View\View->render('usuarios', [], true)
 5 APPPATH\Controllers\Usuarios.php(11): view('usuarios', [...])
 6 SYSTEMPATH\CodeIgniter.php(934): App\Controllers\Usuarios->index()
 7 SYSTEMPATH\CodeIgniter.php(499): CodeIgniter\CodeIgniter->runController(Object(App\Controllers\Usuarios))
 8 SYSTEMPATH\CodeIgniter.php(368): CodeIgniter\CodeIgniter->handleRequest(null, Object(Config\Cache), false)
 9 FCPATH\index.php(67): CodeIgniter\CodeIgniter->run()
CRITICAL - 2023-04-04 19:34:14 --> Array to string conversion
in APPPATH\Views\usuarios.php on line 193.
 1 APPPATH\Views\usuarios.php(193): CodeIgniter\Debug\Exceptions->errorHandler(2, 'Array to string conversion', 'C:\\xampp\\htdocs\\proyecto-lap\\app\\Views\\usuarios.php', 193)
 2 SYSTEMPATH\View\View.php(213): include('C:\\xampp\\htdocs\\proyecto-lap\\app\\Views\\usuarios.php')
 3 SYSTEMPATH\View\View.php(216): CodeIgniter\View\View->CodeIgniter\View\{closure}()
 4 SYSTEMPATH\Common.php(1184): CodeIgniter\View\View->render('usuarios', [], true)
 5 APPPATH\Controllers\Usuarios.php(11): view('usuarios', [...])
 6 SYSTEMPATH\CodeIgniter.php(934): App\Controllers\Usuarios->index()
 7 SYSTEMPATH\CodeIgniter.php(499): CodeIgniter\CodeIgniter->runController(Object(App\Controllers\Usuarios))
 8 SYSTEMPATH\CodeIgniter.php(368): CodeIgniter\CodeIgniter->handleRequest(null, Object(Config\Cache), false)
 9 FCPATH\index.php(67): CodeIgniter\CodeIgniter->run()
CRITICAL - 2023-04-04 19:41:19 --> Undefined property: CodeIgniter\View\View::$session
in APPPATH\Views\usuarios.php on line 164.
 1 APPPATH\Views\usuarios.php(164): CodeIgniter\Debug\Exceptions->errorHandler(2, 'Undefined property: CodeIgniter\\View\\View::$session', 'C:\\xampp\\htdocs\\proyecto-lap\\app\\Views\\usuarios.php', 164)
 2 SYSTEMPATH\View\View.php(213): include('C:\\xampp\\htdocs\\proyecto-lap\\app\\Views\\usuarios.php')
 3 SYSTEMPATH\View\View.php(216): CodeIgniter\View\View->CodeIgniter\View\{closure}()
 4 SYSTEMPATH\Common.php(1184): CodeIgniter\View\View->render('usuarios', [], true)
 5 APPPATH\Controllers\Usuarios.php(11): view('usuarios', [...])
 6 SYSTEMPATH\CodeIgniter.php(934): App\Controllers\Usuarios->index()
 7 SYSTEMPATH\CodeIgniter.php(499): CodeIgniter\CodeIgniter->runController(Object(App\Controllers\Usuarios))
 8 SYSTEMPATH\CodeIgniter.php(368): CodeIgniter\CodeIgniter->handleRequest(null, Object(Config\Cache), false)
 9 FCPATH\index.php(67): CodeIgniter\CodeIgniter->run()
CRITICAL - 2023-04-04 20:00:35 --> Attempt to read property "id_usuario" on array
in APPPATH\Views\usuarios.php on line 193.
 1 APPPATH\Views\usuarios.php(193): CodeIgniter\Debug\Exceptions->errorHandler(2, 'Attempt to read property "id_usuario" on array', 'C:\\xampp\\htdocs\\proyecto-lap\\app\\Views\\usuarios.php', 193)
 2 SYSTEMPATH\View\View.php(213): include('C:\\xampp\\htdocs\\proyecto-lap\\app\\Views\\usuarios.php')
 3 SYSTEMPATH\View\View.php(216): CodeIgniter\View\View->CodeIgniter\View\{closure}()
 4 SYSTEMPATH\Common.php(1184): CodeIgniter\View\View->render('usuarios', [], true)
 5 APPPATH\Controllers\Usuarios.php(11): view('usuarios', [...])
 6 SYSTEMPATH\CodeIgniter.php(934): App\Controllers\Usuarios->index()
 7 SYSTEMPATH\CodeIgniter.php(499): CodeIgniter\CodeIgniter->runController(Object(App\Controllers\Usuarios))
 8 SYSTEMPATH\CodeIgniter.php(368): CodeIgniter\CodeIgniter->handleRequest(null, Object(Config\Cache), false)
 9 FCPATH\index.php(67): CodeIgniter\CodeIgniter->run()
CRITICAL - 2023-04-04 20:01:54 --> Unmatched ')'
in APPPATH\Views\usuarios.php on line 193.
 1 SYSTEMPATH\View\View.php(216): CodeIgniter\View\View->CodeIgniter\View\{closure}()
 2 SYSTEMPATH\Common.php(1184): CodeIgniter\View\View->render('usuarios', [], true)
 3 APPPATH\Controllers\Usuarios.php(11): view('usuarios', [...])
 4 SYSTEMPATH\CodeIgniter.php(934): App\Controllers\Usuarios->index()
 5 SYSTEMPATH\CodeIgniter.php(499): CodeIgniter\CodeIgniter->runController(Object(App\Controllers\Usuarios))
 6 SYSTEMPATH\CodeIgniter.php(368): CodeIgniter\CodeIgniter->handleRequest(null, Object(Config\Cache), false)
 7 FCPATH\index.php(67): CodeIgniter\CodeIgniter->run()
CRITICAL - 2023-04-04 20:48:07 --> Call to undefined method App\Models\UserModel::eliminar
in SYSTEMPATH\Model.php on line 842.
 1 APPPATH\Controllers\Usuarios.php(42): CodeIgniter\Model->__call('eliminar', [...])
 2 SYSTEMPATH\CodeIgniter.php(934): App\Controllers\Usuarios->eliminar('618951562')
 3 SYSTEMPATH\CodeIgniter.php(499): CodeIgniter\CodeIgniter->runController(Object(App\Controllers\Usuarios))
 4 SYSTEMPATH\CodeIgniter.php(368): CodeIgniter\CodeIgniter->handleRequest(null, Object(Config\Cache), false)
 5 FCPATH\index.php(67): CodeIgniter\CodeIgniter->run()
CRITICAL - 2023-04-04 20:49:51 --> Call to undefined method App\Models\UserModel::eliminar
in SYSTEMPATH\Model.php on line 842.
 1 APPPATH\Controllers\Usuarios.php(42): CodeIgniter\Model->__call('eliminar', [...])
 2 SYSTEMPATH\CodeIgniter.php(934): App\Controllers\Usuarios->eliminar('43')
 3 SYSTEMPATH\CodeIgniter.php(499): CodeIgniter\CodeIgniter->runController(Object(App\Controllers\Usuarios))
 4 SYSTEMPATH\CodeIgniter.php(368): CodeIgniter\CodeIgniter->handleRequest(null, Object(Config\Cache), false)
 5 FCPATH\index.php(67): CodeIgniter\CodeIgniter->run()
ERROR - 2023-04-04 21:19:26 --> mysqli_sql_exception: Cannot delete or update a parent row: a foreign key constraint fails (`proyecto_laboratorios`.`prestamo`, CONSTRAINT `usuario_id` FOREIGN KEY (`id_usuario`) REFERENCES `usuario` (`id_usuario`)) in C:\xampp\htdocs\proyecto-lap\vendor\codeigniter4\framework\system\Database\MySQLi\Connection.php:295
Stack trace:
#0 C:\xampp\htdocs\proyecto-lap\vendor\codeigniter4\framework\system\Database\MySQLi\Connection.php(295): mysqli->query('DELETE FROM `us...', 0)
#1 C:\xampp\htdocs\proyecto-lap\vendor\codeigniter4\framework\system\Database\BaseConnection.php(691): CodeIgniter\Database\MySQLi\Connection->execute('DELETE FROM `us...')
#2 C:\xampp\htdocs\proyecto-lap\vendor\codeigniter4\framework\system\Database\BaseConnection.php(605): CodeIgniter\Database\BaseConnection->simpleQuery('DELETE FROM `us...')
#3 C:\xampp\htdocs\proyecto-lap\vendor\codeigniter4\framework\system\Database\BaseBuilder.php(2791): CodeIgniter\Database\BaseConnection->query('DELETE FROM `us...', Array, false)
#4 C:\xampp\htdocs\proyecto-lap\vendor\codeigniter4\framework\system\Model.php(456): CodeIgniter\Database\BaseBuilder->delete()
#5 C:\xampp\htdocs\proyecto-lap\vendor\codeigniter4\framework\system\BaseModel.php(1065): CodeIgniter\Model->doDelete(Array, false)
#6 C:\xampp\htdocs\proyecto-lap\app\Controllers\Usuarios.php(42): CodeIgniter\BaseModel->delete(Array)
#7 C:\xampp\htdocs\proyecto-lap\vendor\codeigniter4\framework\system\CodeIgniter.php(934): App\Controllers\Usuarios->eliminar('4')
#8 C:\xampp\htdocs\proyecto-lap\vendor\codeigniter4\framework\system\CodeIgniter.php(499): CodeIgniter\CodeIgniter->runController(Object(App\Controllers\Usuarios))
#9 C:\xampp\htdocs\proyecto-lap\vendor\codeigniter4\framework\system\CodeIgniter.php(368): CodeIgniter\CodeIgniter->handleRequest(NULL, Object(Config\Cache), false)
#10 C:\xampp\htdocs\proyecto-lap\public\index.php(67): CodeIgniter\CodeIgniter->run()
#11 {main}
CRITICAL - 2023-04-04 21:19:26 --> Cannot delete or update a parent row: a foreign key constraint fails (`proyecto_laboratorios`.`prestamo`, CONSTRAINT `usuario_id` FOREIGN KEY (`id_usuario`) REFERENCES `usuario` (`id_usuario`))
in SYSTEMPATH\Database\MySQLi\Connection.php on line 295.
 1 SYSTEMPATH\Database\MySQLi\Connection.php(295): mysqli->query('DELETE FROM `usuario`
WHERE `id_usuario` = \'4\'
AND `id_usuario` IN (\'4\')', 0)
 2 SYSTEMPATH\Database\BaseConnection.php(691): CodeIgniter\Database\MySQLi\Connection->execute('DELETE FROM `usuario`
WHERE `id_usuario` = \'4\'
AND `id_usuario` IN (\'4\')')
 3 SYSTEMPATH\Database\BaseConnection.php(605): CodeIgniter\Database\BaseConnection->simpleQuery('DELETE FROM `usuario`
WHERE `id_usuario` = \'4\'
AND `id_usuario` IN (\'4\')')
 4 SYSTEMPATH\Database\BaseBuilder.php(2791): CodeIgniter\Database\BaseConnection->query('DELETE FROM `usuario`
WHERE `id_usuario` = :id_usuario:
AND `id_usuario` IN :id_usuario.1:', [...], false)
 5 SYSTEMPATH\Model.php(456): CodeIgniter\Database\BaseBuilder->delete()
 6 SYSTEMPATH\BaseModel.php(1065): CodeIgniter\Model->doDelete([...], false)
 7 APPPATH\Controllers\Usuarios.php(42): CodeIgniter\BaseModel->delete([...])
 8 SYSTEMPATH\CodeIgniter.php(934): App\Controllers\Usuarios->eliminar('4')
 9 SYSTEMPATH\CodeIgniter.php(499): CodeIgniter\CodeIgniter->runController(Object(App\Controllers\Usuarios))
10 SYSTEMPATH\CodeIgniter.php(368): CodeIgniter\CodeIgniter->handleRequest(null, Object(Config\Cache), false)
11 FCPATH\index.php(67): CodeIgniter\CodeIgniter->run()
ERROR - 2023-04-04 21:20:18 --> mysqli_sql_exception: Cannot delete or update a parent row: a foreign key constraint fails (`proyecto_laboratorios`.`prestamo`, CONSTRAINT `usuario_id` FOREIGN KEY (`id_usuario`) REFERENCES `usuario` (`id_usuario`)) in C:\xampp\htdocs\proyecto-lap\vendor\codeigniter4\framework\system\Database\MySQLi\Connection.php:295
Stack trace:
#0 C:\xampp\htdocs\proyecto-lap\vendor\codeigniter4\framework\system\Database\MySQLi\Connection.php(295): mysqli->query('DELETE FROM `us...', 0)
#1 C:\xampp\htdocs\proyecto-lap\vendor\codeigniter4\framework\system\Database\BaseConnection.php(691): CodeIgniter\Database\MySQLi\Connection->execute('DELETE FROM `us...')
#2 C:\xampp\htdocs\proyecto-lap\vendor\codeigniter4\framework\system\Database\BaseConnection.php(605): CodeIgniter\Database\BaseConnection->simpleQuery('DELETE FROM `us...')
#3 C:\xampp\htdocs\proyecto-lap\vendor\codeigniter4\framework\system\Database\BaseBuilder.php(2791): CodeIgniter\Database\BaseConnection->query('DELETE FROM `us...', Array, false)
#4 C:\xampp\htdocs\proyecto-lap\vendor\codeigniter4\framework\system\Model.php(456): CodeIgniter\Database\BaseBuilder->delete()
#5 C:\xampp\htdocs\proyecto-lap\vendor\codeigniter4\framework\system\BaseModel.php(1065): CodeIgniter\Model->doDelete(Array, false)
#6 C:\xampp\htdocs\proyecto-lap\app\Controllers\Usuarios.php(42): CodeIgniter\BaseModel->delete(Array)
#7 C:\xampp\htdocs\proyecto-lap\vendor\codeigniter4\framework\system\CodeIgniter.php(934): App\Controllers\Usuarios->eliminar('4')
#8 C:\xampp\htdocs\proyecto-lap\vendor\codeigniter4\framework\system\CodeIgniter.php(499): CodeIgniter\CodeIgniter->runController(Object(App\Controllers\Usuarios))
#9 C:\xampp\htdocs\proyecto-lap\vendor\codeigniter4\framework\system\CodeIgniter.php(368): CodeIgniter\CodeIgniter->handleRequest(NULL, Object(Config\Cache), false)
#10 C:\xampp\htdocs\proyecto-lap\public\index.php(67): CodeIgniter\CodeIgniter->run()
#11 {main}
CRITICAL - 2023-04-04 21:20:18 --> Cannot delete or update a parent row: a foreign key constraint fails (`proyecto_laboratorios`.`prestamo`, CONSTRAINT `usuario_id` FOREIGN KEY (`id_usuario`) REFERENCES `usuario` (`id_usuario`))
in SYSTEMPATH\Database\MySQLi\Connection.php on line 295.
 1 SYSTEMPATH\Database\MySQLi\Connection.php(295): mysqli->query('DELETE FROM `usuario`
WHERE `id_usuario` = \'4\'
AND `id_usuario` IN (\'4\')', 0)
 2 SYSTEMPATH\Database\BaseConnection.php(691): CodeIgniter\Database\MySQLi\Connection->execute('DELETE FROM `usuario`
WHERE `id_usuario` = \'4\'
AND `id_usuario` IN (\'4\')')
 3 SYSTEMPATH\Database\BaseConnection.php(605): CodeIgniter\Database\BaseConnection->simpleQuery('DELETE FROM `usuario`
WHERE `id_usuario` = \'4\'
AND `id_usuario` IN (\'4\')')
 4 SYSTEMPATH\Database\BaseBuilder.php(2791): CodeIgniter\Database\BaseConnection->query('DELETE FROM `usuario`
WHERE `id_usuario` = :id_usuario:
AND `id_usuario` IN :id_usuario.1:', [...], false)
 5 SYSTEMPATH\Model.php(456): CodeIgniter\Database\BaseBuilder->delete()
 6 SYSTEMPATH\BaseModel.php(1065): CodeIgniter\Model->doDelete([...], false)
 7 APPPATH\Controllers\Usuarios.php(42): CodeIgniter\BaseModel->delete([...])
 8 SYSTEMPATH\CodeIgniter.php(934): App\Controllers\Usuarios->eliminar('4')
 9 SYSTEMPATH\CodeIgniter.php(499): CodeIgniter\CodeIgniter->runController(Object(App\Controllers\Usuarios))
10 SYSTEMPATH\CodeIgniter.php(368): CodeIgniter\CodeIgniter->handleRequest(null, Object(Config\Cache), false)
11 FCPATH\index.php(67): CodeIgniter\CodeIgniter->run()
ERROR - 2023-04-04 21:20:30 --> mysqli_sql_exception: Cannot delete or update a parent row: a foreign key constraint fails (`proyecto_laboratorios`.`prestamo`, CONSTRAINT `usuario_id` FOREIGN KEY (`id_usuario`) REFERENCES `usuario` (`id_usuario`)) in C:\xampp\htdocs\proyecto-lap\vendor\codeigniter4\framework\system\Database\MySQLi\Connection.php:295
Stack trace:
#0 C:\xampp\htdocs\proyecto-lap\vendor\codeigniter4\framework\system\Database\MySQLi\Connection.php(295): mysqli->query('DELETE FROM `us...', 0)
#1 C:\xampp\htdocs\proyecto-lap\vendor\codeigniter4\framework\system\Database\BaseConnection.php(691): CodeIgniter\Database\MySQLi\Connection->execute('DELETE FROM `us...')
#2 C:\xampp\htdocs\proyecto-lap\vendor\codeigniter4\framework\system\Database\BaseConnection.php(605): CodeIgniter\Database\BaseConnection->simpleQuery('DELETE FROM `us...')
#3 C:\xampp\htdocs\proyecto-lap\vendor\codeigniter4\framework\system\Database\BaseBuilder.php(2791): CodeIgniter\Database\BaseConnection->query('DELETE FROM `us...', Array, false)
#4 C:\xampp\htdocs\proyecto-lap\vendor\codeigniter4\framework\system\Model.php(456): CodeIgniter\Database\BaseBuilder->delete()
#5 C:\xampp\htdocs\proyecto-lap\vendor\codeigniter4\framework\system\BaseModel.php(1065): CodeIgniter\Model->doDelete(Array, false)
#6 C:\xampp\htdocs\proyecto-lap\app\Controllers\Usuarios.php(42): CodeIgniter\BaseModel->delete(Array)
#7 C:\xampp\htdocs\proyecto-lap\vendor\codeigniter4\framework\system\CodeIgniter.php(934): App\Controllers\Usuarios->eliminar('4')
#8 C:\xampp\htdocs\proyecto-lap\vendor\codeigniter4\framework\system\CodeIgniter.php(499): CodeIgniter\CodeIgniter->runController(Object(App\Controllers\Usuarios))
#9 C:\xampp\htdocs\proyecto-lap\vendor\codeigniter4\framework\system\CodeIgniter.php(368): CodeIgniter\CodeIgniter->handleRequest(NULL, Object(Config\Cache), false)
#10 C:\xampp\htdocs\proyecto-lap\public\index.php(67): CodeIgniter\CodeIgniter->run()
#11 {main}
CRITICAL - 2023-04-04 21:20:30 --> Cannot delete or update a parent row: a foreign key constraint fails (`proyecto_laboratorios`.`prestamo`, CONSTRAINT `usuario_id` FOREIGN KEY (`id_usuario`) REFERENCES `usuario` (`id_usuario`))
in SYSTEMPATH\Database\MySQLi\Connection.php on line 295.
 1 SYSTEMPATH\Database\MySQLi\Connection.php(295): mysqli->query('DELETE FROM `usuario`
WHERE `id_usuario` = \'4\'
AND `id_usuario` IN (\'4\')', 0)
 2 SYSTEMPATH\Database\BaseConnection.php(691): CodeIgniter\Database\MySQLi\Connection->execute('DELETE FROM `usuario`
WHERE `id_usuario` = \'4\'
AND `id_usuario` IN (\'4\')')
 3 SYSTEMPATH\Database\BaseConnection.php(605): CodeIgniter\Database\BaseConnection->simpleQuery('DELETE FROM `usuario`
WHERE `id_usuario` = \'4\'
AND `id_usuario` IN (\'4\')')
 4 SYSTEMPATH\Database\BaseBuilder.php(2791): CodeIgniter\Database\BaseConnection->query('DELETE FROM `usuario`
WHERE `id_usuario` = :id_usuario:
AND `id_usuario` IN :id_usuario.1:', [...], false)
 5 SYSTEMPATH\Model.php(456): CodeIgniter\Database\BaseBuilder->delete()
 6 SYSTEMPATH\BaseModel.php(1065): CodeIgniter\Model->doDelete([...], false)
 7 APPPATH\Controllers\Usuarios.php(42): CodeIgniter\BaseModel->delete([...])
 8 SYSTEMPATH\CodeIgniter.php(934): App\Controllers\Usuarios->eliminar('4')
 9 SYSTEMPATH\CodeIgniter.php(499): CodeIgniter\CodeIgniter->runController(Object(App\Controllers\Usuarios))
10 SYSTEMPATH\CodeIgniter.php(368): CodeIgniter\CodeIgniter->handleRequest(null, Object(Config\Cache), false)
11 FCPATH\index.php(67): CodeIgniter\CodeIgniter->run()
ERROR - 2023-04-04 21:20:33 --> mysqli_sql_exception: Cannot delete or update a parent row: a foreign key constraint fails (`proyecto_laboratorios`.`prestamo`, CONSTRAINT `usuario_id` FOREIGN KEY (`id_usuario`) REFERENCES `usuario` (`id_usuario`)) in C:\xampp\htdocs\proyecto-lap\vendor\codeigniter4\framework\system\Database\MySQLi\Connection.php:295
Stack trace:
#0 C:\xampp\htdocs\proyecto-lap\vendor\codeigniter4\framework\system\Database\MySQLi\Connection.php(295): mysqli->query('DELETE FROM `us...', 0)
#1 C:\xampp\htdocs\proyecto-lap\vendor\codeigniter4\framework\system\Database\BaseConnection.php(691): CodeIgniter\Database\MySQLi\Connection->execute('DELETE FROM `us...')
#2 C:\xampp\htdocs\proyecto-lap\vendor\codeigniter4\framework\system\Database\BaseConnection.php(605): CodeIgniter\Database\BaseConnection->simpleQuery('DELETE FROM `us...')
#3 C:\xampp\htdocs\proyecto-lap\vendor\codeigniter4\framework\system\Database\BaseBuilder.php(2791): CodeIgniter\Database\BaseConnection->query('DELETE FROM `us...', Array, false)
#4 C:\xampp\htdocs\proyecto-lap\vendor\codeigniter4\framework\system\Model.php(456): CodeIgniter\Database\BaseBuilder->delete()
#5 C:\xampp\htdocs\proyecto-lap\vendor\codeigniter4\framework\system\BaseModel.php(1065): CodeIgniter\Model->doDelete(Array, false)
#6 C:\xampp\htdocs\proyecto-lap\app\Controllers\Usuarios.php(42): CodeIgniter\BaseModel->delete(Array)
#7 C:\xampp\htdocs\proyecto-lap\vendor\codeigniter4\framework\system\CodeIgniter.php(934): App\Controllers\Usuarios->eliminar('3')
#8 C:\xampp\htdocs\proyecto-lap\vendor\codeigniter4\framework\system\CodeIgniter.php(499): CodeIgniter\CodeIgniter->runController(Object(App\Controllers\Usuarios))
#9 C:\xampp\htdocs\proyecto-lap\vendor\codeigniter4\framework\system\CodeIgniter.php(368): CodeIgniter\CodeIgniter->handleRequest(NULL, Object(Config\Cache), false)
#10 C:\xampp\htdocs\proyecto-lap\public\index.php(67): CodeIgniter\CodeIgniter->run()
#11 {main}
CRITICAL - 2023-04-04 21:20:33 --> Cannot delete or update a parent row: a foreign key constraint fails (`proyecto_laboratorios`.`prestamo`, CONSTRAINT `usuario_id` FOREIGN KEY (`id_usuario`) REFERENCES `usuario` (`id_usuario`))
in SYSTEMPATH\Database\MySQLi\Connection.php on line 295.
 1 SYSTEMPATH\Database\MySQLi\Connection.php(295): mysqli->query('DELETE FROM `usuario`
WHERE `id_usuario` = \'3\'
AND `id_usuario` IN (\'3\')', 0)
 2 SYSTEMPATH\Database\BaseConnection.php(691): CodeIgniter\Database\MySQLi\Connection->execute('DELETE FROM `usuario`
WHERE `id_usuario` = \'3\'
AND `id_usuario` IN (\'3\')')
 3 SYSTEMPATH\Database\BaseConnection.php(605): CodeIgniter\Database\BaseConnection->simpleQuery('DELETE FROM `usuario`
WHERE `id_usuario` = \'3\'
AND `id_usuario` IN (\'3\')')
 4 SYSTEMPATH\Database\BaseBuilder.php(2791): CodeIgniter\Database\BaseConnection->query('DELETE FROM `usuario`
WHERE `id_usuario` = :id_usuario:
AND `id_usuario` IN :id_usuario.1:', [...], false)
 5 SYSTEMPATH\Model.php(456): CodeIgniter\Database\BaseBuilder->delete()
 6 SYSTEMPATH\BaseModel.php(1065): CodeIgniter\Model->doDelete([...], false)
 7 APPPATH\Controllers\Usuarios.php(42): CodeIgniter\BaseModel->delete([...])
 8 SYSTEMPATH\CodeIgniter.php(934): App\Controllers\Usuarios->eliminar('3')
 9 SYSTEMPATH\CodeIgniter.php(499): CodeIgniter\CodeIgniter->runController(Object(App\Controllers\Usuarios))
10 SYSTEMPATH\CodeIgniter.php(368): CodeIgniter\CodeIgniter->handleRequest(null, Object(Config\Cache), false)
11 FCPATH\index.php(67): CodeIgniter\CodeIgniter->run()
ERROR - 2023-04-04 21:20:37 --> mysqli_sql_exception: Cannot delete or update a parent row: a foreign key constraint fails (`proyecto_laboratorios`.`usuario_capacitacion`, CONSTRAINT `usuarioo_id` FOREIGN KEY (`id_usuario`) REFERENCES `usuario` (`id_usuario`)) in C:\xampp\htdocs\proyecto-lap\vendor\codeigniter4\framework\system\Database\MySQLi\Connection.php:295
Stack trace:
#0 C:\xampp\htdocs\proyecto-lap\vendor\codeigniter4\framework\system\Database\MySQLi\Connection.php(295): mysqli->query('DELETE FROM `us...', 0)
#1 C:\xampp\htdocs\proyecto-lap\vendor\codeigniter4\framework\system\Database\BaseConnection.php(691): CodeIgniter\Database\MySQLi\Connection->execute('DELETE FROM `us...')
#2 C:\xampp\htdocs\proyecto-lap\vendor\codeigniter4\framework\system\Database\BaseConnection.php(605): CodeIgniter\Database\BaseConnection->simpleQuery('DELETE FROM `us...')
#3 C:\xampp\htdocs\proyecto-lap\vendor\codeigniter4\framework\system\Database\BaseBuilder.php(2791): CodeIgniter\Database\BaseConnection->query('DELETE FROM `us...', Array, false)
#4 C:\xampp\htdocs\proyecto-lap\vendor\codeigniter4\framework\system\Model.php(456): CodeIgniter\Database\BaseBuilder->delete()
#5 C:\xampp\htdocs\proyecto-lap\vendor\codeigniter4\framework\system\BaseModel.php(1065): CodeIgniter\Model->doDelete(Array, false)
#6 C:\xampp\htdocs\proyecto-lap\app\Controllers\Usuarios.php(42): CodeIgniter\BaseModel->delete(Array)
#7 C:\xampp\htdocs\proyecto-lap\vendor\codeigniter4\framework\system\CodeIgniter.php(934): App\Controllers\Usuarios->eliminar('1')
#8 C:\xampp\htdocs\proyecto-lap\vendor\codeigniter4\framework\system\CodeIgniter.php(499): CodeIgniter\CodeIgniter->runController(Object(App\Controllers\Usuarios))
#9 C:\xampp\htdocs\proyecto-lap\vendor\codeigniter4\framework\system\CodeIgniter.php(368): CodeIgniter\CodeIgniter->handleRequest(NULL, Object(Config\Cache), false)
#10 C:\xampp\htdocs\proyecto-lap\public\index.php(67): CodeIgniter\CodeIgniter->run()
#11 {main}
CRITICAL - 2023-04-04 21:20:37 --> Cannot delete or update a parent row: a foreign key constraint fails (`proyecto_laboratorios`.`usuario_capacitacion`, CONSTRAINT `usuarioo_id` FOREIGN KEY (`id_usuario`) REFERENCES `usuario` (`id_usuario`))
in SYSTEMPATH\Database\MySQLi\Connection.php on line 295.
 1 SYSTEMPATH\Database\MySQLi\Connection.php(295): mysqli->query('DELETE FROM `usuario`
WHERE `id_usuario` = \'1\'
AND `id_usuario` IN (\'1\')', 0)
 2 SYSTEMPATH\Database\BaseConnection.php(691): CodeIgniter\Database\MySQLi\Connection->execute('DELETE FROM `usuario`
WHERE `id_usuario` = \'1\'
AND `id_usuario` IN (\'1\')')
 3 SYSTEMPATH\Database\BaseConnection.php(605): CodeIgniter\Database\BaseConnection->simpleQuery('DELETE FROM `usuario`
WHERE `id_usuario` = \'1\'
AND `id_usuario` IN (\'1\')')
 4 SYSTEMPATH\Database\BaseBuilder.php(2791): CodeIgniter\Database\BaseConnection->query('DELETE FROM `usuario`
WHERE `id_usuario` = :id_usuario:
AND `id_usuario` IN :id_usuario.1:', [...], false)
 5 SYSTEMPATH\Model.php(456): CodeIgniter\Database\BaseBuilder->delete()
 6 SYSTEMPATH\BaseModel.php(1065): CodeIgniter\Model->doDelete([...], false)
 7 APPPATH\Controllers\Usuarios.php(42): CodeIgniter\BaseModel->delete([...])
 8 SYSTEMPATH\CodeIgniter.php(934): App\Controllers\Usuarios->eliminar('1')
 9 SYSTEMPATH\CodeIgniter.php(499): CodeIgniter\CodeIgniter->runController(Object(App\Controllers\Usuarios))
10 SYSTEMPATH\CodeIgniter.php(368): CodeIgniter\CodeIgniter->handleRequest(null, Object(Config\Cache), false)
11 FCPATH\index.php(67): CodeIgniter\CodeIgniter->run()
ERROR - 2023-04-04 21:21:10 --> mysqli_sql_exception: Cannot delete or update a parent row: a foreign key constraint fails (`proyecto_laboratorios`.`prestamo`, CONSTRAINT `usuario_id` FOREIGN KEY (`id_usuario`) REFERENCES `usuario` (`id_usuario`)) in C:\xampp\htdocs\proyecto-lap\vendor\codeigniter4\framework\system\Database\MySQLi\Connection.php:295
Stack trace:
#0 C:\xampp\htdocs\proyecto-lap\vendor\codeigniter4\framework\system\Database\MySQLi\Connection.php(295): mysqli->query('DELETE FROM `us...', 0)
#1 C:\xampp\htdocs\proyecto-lap\vendor\codeigniter4\framework\system\Database\BaseConnection.php(691): CodeIgniter\Database\MySQLi\Connection->execute('DELETE FROM `us...')
#2 C:\xampp\htdocs\proyecto-lap\vendor\codeigniter4\framework\system\Database\BaseConnection.php(605): CodeIgniter\Database\BaseConnection->simpleQuery('DELETE FROM `us...')
#3 C:\xampp\htdocs\proyecto-lap\vendor\codeigniter4\framework\system\Database\BaseBuilder.php(2791): CodeIgniter\Database\BaseConnection->query('DELETE FROM `us...', Array, false)
#4 C:\xampp\htdocs\proyecto-lap\vendor\codeigniter4\framework\system\Model.php(456): CodeIgniter\Database\BaseBuilder->delete()
#5 C:\xampp\htdocs\proyecto-lap\vendor\codeigniter4\framework\system\BaseModel.php(1065): CodeIgniter\Model->doDelete(Array, false)
#6 C:\xampp\htdocs\proyecto-lap\app\Controllers\Usuarios.php(42): CodeIgniter\BaseModel->delete(Array)
#7 C:\xampp\htdocs\proyecto-lap\vendor\codeigniter4\framework\system\CodeIgniter.php(934): App\Controllers\Usuarios->eliminar('3')
#8 C:\xampp\htdocs\proyecto-lap\vendor\codeigniter4\framework\system\CodeIgniter.php(499): CodeIgniter\CodeIgniter->runController(Object(App\Controllers\Usuarios))
#9 C:\xampp\htdocs\proyecto-lap\vendor\codeigniter4\framework\system\CodeIgniter.php(368): CodeIgniter\CodeIgniter->handleRequest(NULL, Object(Config\Cache), false)
#10 C:\xampp\htdocs\proyecto-lap\public\index.php(67): CodeIgniter\CodeIgniter->run()
#11 {main}
CRITICAL - 2023-04-04 21:21:10 --> Cannot delete or update a parent row: a foreign key constraint fails (`proyecto_laboratorios`.`prestamo`, CONSTRAINT `usuario_id` FOREIGN KEY (`id_usuario`) REFERENCES `usuario` (`id_usuario`))
in SYSTEMPATH\Database\MySQLi\Connection.php on line 295.
 1 SYSTEMPATH\Database\MySQLi\Connection.php(295): mysqli->query('DELETE FROM `usuario`
WHERE `id_usuario` = \'3\'
AND `id_usuario` IN (\'3\')', 0)
 2 SYSTEMPATH\Database\BaseConnection.php(691): CodeIgniter\Database\MySQLi\Connection->execute('DELETE FROM `usuario`
WHERE `id_usuario` = \'3\'
AND `id_usuario` IN (\'3\')')
 3 SYSTEMPATH\Database\BaseConnection.php(605): CodeIgniter\Database\BaseConnection->simpleQuery('DELETE FROM `usuario`
WHERE `id_usuario` = \'3\'
AND `id_usuario` IN (\'3\')')
 4 SYSTEMPATH\Database\BaseBuilder.php(2791): CodeIgniter\Database\BaseConnection->query('DELETE FROM `usuario`
WHERE `id_usuario` = :id_usuario:
AND `id_usuario` IN :id_usuario.1:', [...], false)
 5 SYSTEMPATH\Model.php(456): CodeIgniter\Database\BaseBuilder->delete()
 6 SYSTEMPATH\BaseModel.php(1065): CodeIgniter\Model->doDelete([...], false)
 7 APPPATH\Controllers\Usuarios.php(42): CodeIgniter\BaseModel->delete([...])
 8 SYSTEMPATH\CodeIgniter.php(934): App\Controllers\Usuarios->eliminar('3')
 9 SYSTEMPATH\CodeIgniter.php(499): CodeIgniter\CodeIgniter->runController(Object(App\Controllers\Usuarios))
10 SYSTEMPATH\CodeIgniter.php(368): CodeIgniter\CodeIgniter->handleRequest(null, Object(Config\Cache), false)
11 FCPATH\index.php(67): CodeIgniter\CodeIgniter->run()
ERROR - 2023-04-04 21:21:15 --> mysqli_sql_exception: Cannot delete or update a parent row: a foreign key constraint fails (`proyecto_laboratorios`.`prestamo`, CONSTRAINT `usuario_id` FOREIGN KEY (`id_usuario`) REFERENCES `usuario` (`id_usuario`)) in C:\xampp\htdocs\proyecto-lap\vendor\codeigniter4\framework\system\Database\MySQLi\Connection.php:295
Stack trace:
#0 C:\xampp\htdocs\proyecto-lap\vendor\codeigniter4\framework\system\Database\MySQLi\Connection.php(295): mysqli->query('DELETE FROM `us...', 0)
#1 C:\xampp\htdocs\proyecto-lap\vendor\codeigniter4\framework\system\Database\BaseConnection.php(691): CodeIgniter\Database\MySQLi\Connection->execute('DELETE FROM `us...')
#2 C:\xampp\htdocs\proyecto-lap\vendor\codeigniter4\framework\system\Database\BaseConnection.php(605): CodeIgniter\Database\BaseConnection->simpleQuery('DELETE FROM `us...')
#3 C:\xampp\htdocs\proyecto-lap\vendor\codeigniter4\framework\system\Database\BaseBuilder.php(2791): CodeIgniter\Database\BaseConnection->query('DELETE FROM `us...', Array, false)
#4 C:\xampp\htdocs\proyecto-lap\vendor\codeigniter4\framework\system\Model.php(456): CodeIgniter\Database\BaseBuilder->delete()
#5 C:\xampp\htdocs\proyecto-lap\vendor\codeigniter4\framework\system\BaseModel.php(1065): CodeIgniter\Model->doDelete(Array, false)
#6 C:\xampp\htdocs\proyecto-lap\app\Controllers\Usuarios.php(42): CodeIgniter\BaseModel->delete(Array)
#7 C:\xampp\htdocs\proyecto-lap\vendor\codeigniter4\framework\system\CodeIgniter.php(934): App\Controllers\Usuarios->eliminar('4')
#8 C:\xampp\htdocs\proyecto-lap\vendor\codeigniter4\framework\system\CodeIgniter.php(499): CodeIgniter\CodeIgniter->runController(Object(App\Controllers\Usuarios))
#9 C:\xampp\htdocs\proyecto-lap\vendor\codeigniter4\framework\system\CodeIgniter.php(368): CodeIgniter\CodeIgniter->handleRequest(NULL, Object(Config\Cache), false)
#10 C:\xampp\htdocs\proyecto-lap\public\index.php(67): CodeIgniter\CodeIgniter->run()
#11 {main}
CRITICAL - 2023-04-04 21:21:15 --> Cannot delete or update a parent row: a foreign key constraint fails (`proyecto_laboratorios`.`prestamo`, CONSTRAINT `usuario_id` FOREIGN KEY (`id_usuario`) REFERENCES `usuario` (`id_usuario`))
in SYSTEMPATH\Database\MySQLi\Connection.php on line 295.
 1 SYSTEMPATH\Database\MySQLi\Connection.php(295): mysqli->query('DELETE FROM `usuario`
WHERE `id_usuario` = \'4\'
AND `id_usuario` IN (\'4\')', 0)
 2 SYSTEMPATH\Database\BaseConnection.php(691): CodeIgniter\Database\MySQLi\Connection->execute('DELETE FROM `usuario`
WHERE `id_usuario` = \'4\'
AND `id_usuario` IN (\'4\')')
 3 SYSTEMPATH\Database\BaseConnection.php(605): CodeIgniter\Database\BaseConnection->simpleQuery('DELETE FROM `usuario`
WHERE `id_usuario` = \'4\'
AND `id_usuario` IN (\'4\')')
 4 SYSTEMPATH\Database\BaseBuilder.php(2791): CodeIgniter\Database\BaseConnection->query('DELETE FROM `usuario`
WHERE `id_usuario` = :id_usuario:
AND `id_usuario` IN :id_usuario.1:', [...], false)
 5 SYSTEMPATH\Model.php(456): CodeIgniter\Database\BaseBuilder->delete()
 6 SYSTEMPATH\BaseModel.php(1065): CodeIgniter\Model->doDelete([...], false)
 7 APPPATH\Controllers\Usuarios.php(42): CodeIgniter\BaseModel->delete([...])
 8 SYSTEMPATH\CodeIgniter.php(934): App\Controllers\Usuarios->eliminar('4')
 9 SYSTEMPATH\CodeIgniter.php(499): CodeIgniter\CodeIgniter->runController(Object(App\Controllers\Usuarios))
10 SYSTEMPATH\CodeIgniter.php(368): CodeIgniter\CodeIgniter->handleRequest(null, Object(Config\Cache), false)
11 FCPATH\index.php(67): CodeIgniter\CodeIgniter->run()
ERROR - 2023-04-04 21:21:22 --> mysqli_sql_exception: Cannot delete or update a parent row: a foreign key constraint fails (`proyecto_laboratorios`.`usuario_capacitacion`, CONSTRAINT `usuarioo_id` FOREIGN KEY (`id_usuario`) REFERENCES `usuario` (`id_usuario`)) in C:\xampp\htdocs\proyecto-lap\vendor\codeigniter4\framework\system\Database\MySQLi\Connection.php:295
Stack trace:
#0 C:\xampp\htdocs\proyecto-lap\vendor\codeigniter4\framework\system\Database\MySQLi\Connection.php(295): mysqli->query('DELETE FROM `us...', 0)
#1 C:\xampp\htdocs\proyecto-lap\vendor\codeigniter4\framework\system\Database\BaseConnection.php(691): CodeIgniter\Database\MySQLi\Connection->execute('DELETE FROM `us...')
#2 C:\xampp\htdocs\proyecto-lap\vendor\codeigniter4\framework\system\Database\BaseConnection.php(605): CodeIgniter\Database\BaseConnection->simpleQuery('DELETE FROM `us...')
#3 C:\xampp\htdocs\proyecto-lap\vendor\codeigniter4\framework\system\Database\BaseBuilder.php(2791): CodeIgniter\Database\BaseConnection->query('DELETE FROM `us...', Array, false)
#4 C:\xampp\htdocs\proyecto-lap\vendor\codeigniter4\framework\system\Model.php(456): CodeIgniter\Database\BaseBuilder->delete()
#5 C:\xampp\htdocs\proyecto-lap\vendor\codeigniter4\framework\system\BaseModel.php(1065): CodeIgniter\Model->doDelete(Array, false)
#6 C:\xampp\htdocs\proyecto-lap\app\Controllers\Usuarios.php(42): CodeIgniter\BaseModel->delete(Array)
#7 C:\xampp\htdocs\proyecto-lap\vendor\codeigniter4\framework\system\CodeIgniter.php(934): App\Controllers\Usuarios->eliminar('1')
#8 C:\xampp\htdocs\proyecto-lap\vendor\codeigniter4\framework\system\CodeIgniter.php(499): CodeIgniter\CodeIgniter->runController(Object(App\Controllers\Usuarios))
#9 C:\xampp\htdocs\proyecto-lap\vendor\codeigniter4\framework\system\CodeIgniter.php(368): CodeIgniter\CodeIgniter->handleRequest(NULL, Object(Config\Cache), false)
#10 C:\xampp\htdocs\proyecto-lap\public\index.php(67): CodeIgniter\CodeIgniter->run()
#11 {main}
CRITICAL - 2023-04-04 21:21:22 --> Cannot delete or update a parent row: a foreign key constraint fails (`proyecto_laboratorios`.`usuario_capacitacion`, CONSTRAINT `usuarioo_id` FOREIGN KEY (`id_usuario`) REFERENCES `usuario` (`id_usuario`))
in SYSTEMPATH\Database\MySQLi\Connection.php on line 295.
 1 SYSTEMPATH\Database\MySQLi\Connection.php(295): mysqli->query('DELETE FROM `usuario`
WHERE `id_usuario` = \'1\'
AND `id_usuario` IN (\'1\')', 0)
 2 SYSTEMPATH\Database\BaseConnection.php(691): CodeIgniter\Database\MySQLi\Connection->execute('DELETE FROM `usuario`
WHERE `id_usuario` = \'1\'
AND `id_usuario` IN (\'1\')')
 3 SYSTEMPATH\Database\BaseConnection.php(605): CodeIgniter\Database\BaseConnection->simpleQuery('DELETE FROM `usuario`
WHERE `id_usuario` = \'1\'
AND `id_usuario` IN (\'1\')')
 4 SYSTEMPATH\Database\BaseBuilder.php(2791): CodeIgniter\Database\BaseConnection->query('DELETE FROM `usuario`
WHERE `id_usuario` = :id_usuario:
AND `id_usuario` IN :id_usuario.1:', [...], false)
 5 SYSTEMPATH\Model.php(456): CodeIgniter\Database\BaseBuilder->delete()
 6 SYSTEMPATH\BaseModel.php(1065): CodeIgniter\Model->doDelete([...], false)
 7 APPPATH\Controllers\Usuarios.php(42): CodeIgniter\BaseModel->delete([...])
 8 SYSTEMPATH\CodeIgniter.php(934): App\Controllers\Usuarios->eliminar('1')
 9 SYSTEMPATH\CodeIgniter.php(499): CodeIgniter\CodeIgniter->runController(Object(App\Controllers\Usuarios))
10 SYSTEMPATH\CodeIgniter.php(368): CodeIgniter\CodeIgniter->handleRequest(null, Object(Config\Cache), false)
11 FCPATH\index.php(67): CodeIgniter\CodeIgniter->run()
